#! /usr/bin/vvp
:ivl_version "12.0 (stable)";
:ivl_delay_selection "TYPICAL";
:vpi_time_precision + 0;
:vpi_module "/usr/lib64/ivl/system.vpi";
:vpi_module "/usr/lib64/ivl/vhdl_sys.vpi";
:vpi_module "/usr/lib64/ivl/vhdl_textio.vpi";
:vpi_module "/usr/lib64/ivl/v2005_math.vpi";
:vpi_module "/usr/lib64/ivl/va_math.vpi";
S_0x55bb7fe00220 .scope module, "incdev_control" "incdev_control" 2 5;
 .timescale 0 0;
    .port_info 0 /INPUT 1 "clk";
    .port_info 1 /INPUT 1 "rstn";
    .port_info 2 /OUTPUT 1 "ref_pause";
    .port_info 3 /INPUT 1 "ref_ex_finish";
    .port_info 4 /INPUT 1 "ref_excp";
    .port_info 5 /INPUT 32 "ref_excp_entry";
    .port_info 6 /INPUT 1 "ref_spinst";
    .port_info 7 /INPUT 32 "ref_spinst_pc";
    .port_info 8 /INPUT 1 "ref_br_taken";
    .port_info 9 /INPUT 32 "ref_br_target";
    .port_info 10 /INPUT 32 "ref_wb_pc";
    .port_info 11 /INPUT 32 "ref_wb_inst";
    .port_info 12 /INPUT 4 "ref_wb_we";
    .port_info 13 /INPUT 5 "ref_wb_rfnum";
    .port_info 14 /INPUT 32 "ref_wb_wdata";
    .port_info 15 /OUTPUT 1 "usr_ex_flag";
    .port_info 16 /OUTPUT 32 "usr_ex_inst";
    .port_info 17 /INPUT 1 "usr_ex_finish";
    .port_info 18 /OUTPUT 1 "usr_pc_inc";
    .port_info 19 /OUTPUT 1 "usr_pc_we";
    .port_info 20 /OUTPUT 32 "usr_pc";
    .port_info 21 /OUTPUT 1 "usr_wb_we";
    .port_info 22 /OUTPUT 32 "usr_wb_pc";
    .port_info 23 /OUTPUT 5 "usr_wb_wreg";
    .port_info 24 /OUTPUT 32 "usr_wb_wdata";
    .port_info 25 /INPUT 32 "debug_usr_wb_pc";
    .port_info 26 /OUTPUT 1 "debug_excp_occur";
P_0x55bb7feb48a0 .param/l "CNT_MAX" 1 2 267, C4<000000011>;
P_0x55bb7feb48e0 .param/l "USR_PL_STAGE" 1 2 266, C4<00000101>;
L_0x7f20fd593018 .functor BUFT 1, C4<00>, C4<0>, C4<0>, C4<0>;
L_0x55bb7feaf690 .functor AND 2, L_0x7f20fd593018, L_0x55bb7feee260, C4<11>, C4<11>;
L_0x7f20fd5930f0 .functor BUFT 1, C4<01>, C4<0>, C4<0>, C4<0>;
L_0x55bb7feb1bc0 .functor AND 2, L_0x7f20fd5930f0, L_0x55bb7fefe700, C4<11>, C4<11>;
L_0x55bb7feb2b20 .functor OR 2, L_0x55bb7feaf690, L_0x55bb7feb1bc0, C4<00>, C4<00>;
L_0x7f20fd5931c8 .functor BUFT 1, C4<00>, C4<0>, C4<0>, C4<0>;
L_0x55bb7feb5120 .functor AND 2, L_0x7f20fd5931c8, L_0x55bb7fefebf0, C4<11>, C4<11>;
L_0x55bb7fefedb0 .functor OR 2, L_0x55bb7feb2b20, L_0x55bb7feb5120, C4<00>, C4<00>;
L_0x7f20fd5932a0 .functor BUFT 1, C4<00>, C4<0>, C4<0>, C4<0>;
L_0x55bb7feff2a0 .functor AND 2, L_0x7f20fd5932a0, L_0x55bb7feff0f0, C4<11>, C4<11>;
L_0x55bb7feff3f0 .functor OR 2, L_0x55bb7fefedb0, L_0x55bb7feff2a0, C4<00>, C4<00>;
L_0x7f20fd593378 .functor BUFT 1, C4<00>, C4<0>, C4<0>, C4<0>;
L_0x55bb7feff1e0 .functor AND 2, L_0x7f20fd593378, L_0x55bb7feff760, C4<11>, C4<11>;
L_0x55bb7feff990 .functor OR 2, L_0x55bb7feff3f0, L_0x55bb7feff1e0, C4<00>, C4<00>;
L_0x7f20fd593450 .functor BUFT 1, C4<00>, C4<0>, C4<0>, C4<0>;
L_0x55bb7feffef0 .functor AND 2, L_0x7f20fd593450, L_0x55bb7feffd10, C4<11>, C4<11>;
L_0x55bb7ff00060 .functor OR 2, L_0x55bb7feff990, L_0x55bb7feffef0, C4<00>, C4<00>;
L_0x7f20fd593528 .functor BUFT 1, C4<00>, C4<0>, C4<0>, C4<0>;
L_0x55bb7ff00450 .functor AND 2, L_0x7f20fd593528, L_0x55bb7feffe00, C4<11>, C4<11>;
L_0x55bb7ff005d0 .functor OR 2, L_0x55bb7ff00060, L_0x55bb7ff00450, C4<00>, C4<00>;
L_0x7f20fd593600 .functor BUFT 1, C4<00>, C4<0>, C4<0>, C4<0>;
L_0x55bb7ff00ca0 .functor AND 2, L_0x7f20fd593600, L_0x55bb7ff00a90, C4<11>, C4<11>;
L_0x55bb7ff00560 .functor OR 2, L_0x55bb7ff005d0, L_0x55bb7ff00ca0, C4<00>, C4<00>;
L_0x7f20fd5936d8 .functor BUFT 1, C4<00>, C4<0>, C4<0>, C4<0>;
L_0x55bb7ff012d0 .functor AND 2, L_0x7f20fd5936d8, L_0x55bb7ff01190, C4<11>, C4<11>;
L_0x55bb7ff01470 .functor OR 2, L_0x55bb7ff00560, L_0x55bb7ff012d0, C4<00>, C4<00>;
L_0x7f20fd5937b0 .functor BUFT 1, C4<00>, C4<0>, C4<0>, C4<0>;
L_0x55bb7ff01a90 .functor AND 2, L_0x7f20fd5937b0, L_0x55bb7ff01850, C4<11>, C4<11>;
L_0x55bb7ff01c40 .functor OR 2, L_0x55bb7ff01470, L_0x55bb7ff01a90, C4<00>, C4<00>;
L_0x7f20fd593888 .functor BUFT 1, C4<00>, C4<0>, C4<0>, C4<0>;
L_0x55bb7ff02180 .functor AND 2, L_0x7f20fd593888, L_0x55bb7ff02040, C4<11>, C4<11>;
L_0x55bb7ff02340 .functor OR 2, L_0x55bb7ff01c40, L_0x55bb7ff02180, C4<00>, C4<00>;
L_0x7f20fd593960 .functor BUFT 1, C4<00>, C4<0>, C4<0>, C4<0>;
L_0x55bb7ff024a0 .functor AND 2, L_0x7f20fd593960, L_0x55bb7ff026b0, C4<11>, C4<11>;
L_0x55bb7ff029e0 .functor OR 2, L_0x55bb7ff02340, L_0x55bb7ff024a0, C4<00>, C4<00>;
L_0x7f20fd593a38 .functor BUFT 1, C4<00>, C4<0>, C4<0>, C4<0>;
L_0x55bb7ff02f50 .functor AND 2, L_0x7f20fd593a38, L_0x55bb7ff02e10, C4<11>, C4<11>;
L_0x55bb7ff03130 .functor OR 2, L_0x55bb7ff029e0, L_0x55bb7ff02f50, C4<00>, C4<00>;
L_0x7f20fd593b10 .functor BUFT 1, C4<00>, C4<0>, C4<0>, C4<0>;
L_0x55bb7ff03810 .functor AND 2, L_0x7f20fd593b10, L_0x55bb7ff03570, C4<11>, C4<11>;
L_0x55bb7ff03a00 .functor OR 2, L_0x55bb7ff03130, L_0x55bb7ff03810, C4<00>, C4<00>;
L_0x7f20fd593be8 .functor BUFT 1, C4<00>, C4<0>, C4<0>, C4<0>;
L_0x55bb7ff03fa0 .functor AND 2, L_0x7f20fd593be8, L_0x55bb7ff03e60, C4<11>, C4<11>;
L_0x55bb7ff041a0 .functor OR 2, L_0x55bb7ff03a00, L_0x55bb7ff03fa0, C4<00>, C4<00>;
L_0x7f20fd593cc0 .functor BUFT 1, C4<00>, C4<0>, C4<0>, C4<0>;
L_0x55bb7ff04af0 .functor AND 2, L_0x7f20fd593cc0, L_0x55bb7ff04820, C4<11>, C4<11>;
L_0x55bb7ff04d00 .functor OR 2, L_0x55bb7ff041a0, L_0x55bb7ff04af0, C4<00>, C4<00>;
L_0x7f20fd593d98 .functor BUFT 1, C4<00>, C4<0>, C4<0>, C4<0>;
L_0x55bb7ff052d0 .functor AND 2, L_0x7f20fd593d98, L_0x55bb7ff05190, C4<11>, C4<11>;
L_0x55bb7ff054f0 .functor OR 2, L_0x55bb7ff04d00, L_0x55bb7ff052d0, C4<00>, C4<00>;
L_0x7f20fd593e70 .functor BUFT 1, C4<00>, C4<0>, C4<0>, C4<0>;
L_0x55bb7ff05c90 .functor AND 2, L_0x7f20fd593e70, L_0x55bb7ff05990, C4<11>, C4<11>;
L_0x55bb7ff05ec0 .functor OR 2, L_0x55bb7ff054f0, L_0x55bb7ff05c90, C4<00>, C4<00>;
L_0x7f20fd593f48 .functor BUFT 1, C4<00>, C4<0>, C4<0>, C4<0>;
L_0x55bb7ff064c0 .functor AND 2, L_0x7f20fd593f48, L_0x55bb7ff06380, C4<11>, C4<11>;
L_0x55bb7ff05da0 .functor OR 2, L_0x55bb7ff05ec0, L_0x55bb7ff064c0, C4<00>, C4<00>;
L_0x7f20fd594020 .functor BUFT 1, C4<00>, C4<0>, C4<0>, C4<0>;
L_0x55bb7ff06df0 .functor AND 2, L_0x7f20fd594020, L_0x55bb7ff06ac0, C4<11>, C4<11>;
L_0x55bb7ff07040 .functor OR 2, L_0x55bb7ff05da0, L_0x55bb7ff06df0, C4<00>, C4<00>;
L_0x7f20fd5940f8 .functor BUFT 1, C4<01>, C4<0>, C4<0>, C4<0>;
L_0x55bb7ff07670 .functor AND 2, L_0x7f20fd5940f8, L_0x55bb7ff07530, C4<11>, C4<11>;
L_0x55bb7ff078d0 .functor OR 2, L_0x55bb7ff07040, L_0x55bb7ff07670, C4<00>, C4<00>;
L_0x7f20fd5941d0 .functor BUFT 1, C4<00>, C4<0>, C4<0>, C4<0>;
L_0x55bb7ff08130 .functor AND 2, L_0x7f20fd5941d0, L_0x55bb7ff07dd0, C4<11>, C4<11>;
L_0x55bb7ff083a0 .functor OR 2, L_0x55bb7ff078d0, L_0x55bb7ff08130, C4<00>, C4<00>;
L_0x7f20fd5942a8 .functor BUFT 1, C4<00>, C4<0>, C4<0>, C4<0>;
L_0x55bb7ff08a00 .functor AND 2, L_0x7f20fd5942a8, L_0x55bb7ff088c0, C4<11>, C4<11>;
L_0x55bb7ff08c80 .functor OR 2, L_0x55bb7ff083a0, L_0x55bb7ff08a00, C4<00>, C4<00>;
L_0x7f20fd594380 .functor BUFT 1, C4<00>, C4<0>, C4<0>, C4<0>;
L_0x55bb7ff09540 .functor AND 2, L_0x7f20fd594380, L_0x55bb7ff091b0, C4<11>, C4<11>;
L_0x55bb7ff097d0 .functor OR 2, L_0x55bb7ff08c80, L_0x55bb7ff09540, C4<00>, C4<00>;
L_0x7f20fd594458 .functor BUFT 1, C4<00>, C4<0>, C4<0>, C4<0>;
L_0x55bb7ff09e60 .functor AND 2, L_0x7f20fd594458, L_0x55bb7ff09d20, C4<11>, C4<11>;
L_0x55bb7ff0a100 .functor OR 2, L_0x55bb7ff097d0, L_0x55bb7ff09e60, C4<00>, C4<00>;
L_0x7f20fd594530 .functor BUFT 1, C4<00>, C4<0>, C4<0>, C4<0>;
L_0x55bb7ff0aa20 .functor AND 2, L_0x7f20fd594530, L_0x55bb7ff0a660, C4<11>, C4<11>;
L_0x55bb7ff0acd0 .functor OR 2, L_0x55bb7ff0a100, L_0x55bb7ff0aa20, C4<00>, C4<00>;
L_0x7f20fd594608 .functor BUFT 1, C4<00>, C4<0>, C4<0>, C4<0>;
L_0x55bb7ff0b390 .functor AND 2, L_0x7f20fd594608, L_0x55bb7ff0b250, C4<11>, C4<11>;
L_0x55bb7ff0b650 .functor OR 2, L_0x55bb7ff0acd0, L_0x55bb7ff0b390, C4<00>, C4<00>;
L_0x7f20fd5946e0 .functor BUFT 1, C4<00>, C4<0>, C4<0>, C4<0>;
L_0x55bb7ff0bfd0 .functor AND 2, L_0x7f20fd5946e0, L_0x55bb7ff0bbe0, C4<11>, C4<11>;
L_0x55bb7ff0c2a0 .functor OR 2, L_0x55bb7ff0b650, L_0x55bb7ff0bfd0, C4<00>, C4<00>;
L_0x7f20fd5947b8 .functor BUFT 1, C4<00>, C4<0>, C4<0>, C4<0>;
L_0x55bb7ff0c990 .functor AND 2, L_0x7f20fd5947b8, L_0x55bb7ff0c850, C4<11>, C4<11>;
L_0x55bb7ff0cc70 .functor OR 2, L_0x55bb7ff0c2a0, L_0x55bb7ff0c990, C4<00>, C4<00>;
L_0x7f20fd594890 .functor BUFT 1, C4<00>, C4<0>, C4<0>, C4<0>;
L_0x55bb7ff0d650 .functor AND 2, L_0x7f20fd594890, L_0x55bb7ff0d230, C4<11>, C4<11>;
L_0x55bb7ff0d940 .functor OR 2, L_0x55bb7ff0cc70, L_0x55bb7ff0d650, C4<00>, C4<00>;
L_0x7f20fd594968 .functor BUFT 1, C4<00>, C4<0>, C4<0>, C4<0>;
L_0x55bb7ff0e060 .functor AND 2, L_0x7f20fd594968, L_0x55bb7ff0df20, C4<11>, C4<11>;
L_0x55bb7ff0e360 .functor OR 2, L_0x55bb7ff0d940, L_0x55bb7ff0e060, C4<00>, C4<00>;
L_0x7f20fd594a40 .functor BUFT 1, C4<00>, C4<0>, C4<0>, C4<0>;
L_0x55bb7ff0f1b0 .functor AND 2, L_0x7f20fd594a40, L_0x55bb7ff0ed60, C4<11>, C4<11>;
L_0x55bb7ff0f4c0 .functor OR 2, L_0x55bb7ff0e360, L_0x55bb7ff0f1b0, C4<00>, C4<00>;
L_0x7f20fd594b18 .functor BUFT 1, C4<00>, C4<0>, C4<0>, C4<0>;
L_0x55bb7ff0fc10 .functor AND 2, L_0x7f20fd594b18, L_0x55bb7ff0fad0, C4<11>, C4<11>;
L_0x55bb7ff0ff30 .functor OR 2, L_0x55bb7ff0f4c0, L_0x55bb7ff0fc10, C4<00>, C4<00>;
L_0x7f20fd594bf0 .functor BUFT 1, C4<00>, C4<0>, C4<0>, C4<0>;
L_0x55bb7ff109d0 .functor AND 2, L_0x7f20fd594bf0, L_0x55bb7ff10550, C4<11>, C4<11>;
L_0x55bb7ff10d00 .functor OR 2, L_0x55bb7ff0ff30, L_0x55bb7ff109d0, C4<00>, C4<00>;
L_0x7f20fd594cc8 .functor BUFT 1, C4<00>, C4<0>, C4<0>, C4<0>;
L_0x55bb7ff11480 .functor AND 2, L_0x7f20fd594cc8, L_0x55bb7ff11340, C4<11>, C4<11>;
L_0x55bb7ff117c0 .functor OR 2, L_0x55bb7ff10d00, L_0x55bb7ff11480, C4<00>, C4<00>;
L_0x7f20fd594da0 .functor BUFT 1, C4<00>, C4<0>, C4<0>, C4<0>;
L_0x55bb7ff122c0 .functor AND 2, L_0x7f20fd594da0, L_0x55bb7ff11e10, C4<11>, C4<11>;
L_0x55bb7ff12610 .functor OR 2, L_0x55bb7ff117c0, L_0x55bb7ff122c0, C4<00>, C4<00>;
L_0x7f20fd594e78 .functor BUFT 1, C4<00>, C4<0>, C4<0>, C4<0>;
L_0x55bb7ff12dc0 .functor AND 2, L_0x7f20fd594e78, L_0x55bb7ff12c80, C4<11>, C4<11>;
L_0x55bb7ff13120 .functor OR 2, L_0x55bb7ff12610, L_0x55bb7ff12dc0, C4<00>, C4<00>;
L_0x7f20fd594f50 .functor BUFT 1, C4<00>, C4<0>, C4<0>, C4<0>;
L_0x55bb7ff13c80 .functor AND 2, L_0x7f20fd594f50, L_0x55bb7ff137a0, C4<11>, C4<11>;
L_0x55bb7ff13ff0 .functor OR 2, L_0x55bb7ff13120, L_0x55bb7ff13c80, C4<00>, C4<00>;
L_0x7f20fd595028 .functor BUFT 1, C4<00>, C4<0>, C4<0>, C4<0>;
L_0x55bb7ff147d0 .functor AND 2, L_0x7f20fd595028, L_0x55bb7ff14690, C4<11>, C4<11>;
L_0x55bb7ff14b50 .functor OR 2, L_0x55bb7ff13ff0, L_0x55bb7ff147d0, C4<00>, C4<00>;
L_0x7f20fd595100 .functor BUFT 1, C4<00>, C4<0>, C4<0>, C4<0>;
L_0x55bb7ff15710 .functor AND 2, L_0x7f20fd595100, L_0x55bb7ff15200, C4<11>, C4<11>;
L_0x55bb7ff15aa0 .functor OR 2, L_0x55bb7ff14b50, L_0x55bb7ff15710, C4<00>, C4<00>;
L_0x7f20fd5951d8 .functor BUFT 1, C4<00>, C4<0>, C4<0>, C4<0>;
L_0x55bb7ff162b0 .functor AND 2, L_0x7f20fd5951d8, L_0x55bb7ff16170, C4<11>, C4<11>;
L_0x55bb7ff16650 .functor OR 2, L_0x55bb7ff15aa0, L_0x55bb7ff162b0, C4<00>, C4<00>;
L_0x7f20fd5952b0 .functor BUFT 1, C4<00>, C4<0>, C4<0>, C4<0>;
L_0x55bb7ff17270 .functor AND 2, L_0x7f20fd5952b0, L_0x55bb7ff16d30, C4<11>, C4<11>;
L_0x55bb7ff17620 .functor OR 2, L_0x55bb7ff16650, L_0x55bb7ff17270, C4<00>, C4<00>;
L_0x7f20fd595388 .functor BUFT 1, C4<00>, C4<0>, C4<0>, C4<0>;
L_0x55bb7ff18670 .functor AND 2, L_0x7f20fd595388, L_0x55bb7ff17d20, C4<11>, C4<11>;
L_0x55bb7ff18a30 .functor OR 2, L_0x55bb7ff17620, L_0x55bb7ff18670, C4<00>, C4<00>;
L_0x7f20fd595460 .functor BUFT 1, C4<00>, C4<0>, C4<0>, C4<0>;
L_0x55bb7ff18c30 .functor AND 2, L_0x7f20fd595460, L_0x55bb7ff19140, C4<11>, C4<11>;
L_0x55bb7ff19660 .functor OR 2, L_0x55bb7ff18a30, L_0x55bb7ff18c30, C4<00>, C4<00>;
L_0x7f20fd595538 .functor BUFT 1, C4<00>, C4<0>, C4<0>, C4<0>;
L_0x55bb7ff19370 .functor AND 2, L_0x7f20fd595538, L_0x55bb7ff19230, C4<11>, C4<11>;
L_0x55bb7ff19480 .functor OR 2, L_0x55bb7ff19660, L_0x55bb7ff19370, C4<00>, C4<00>;
L_0x7f20fd595610 .functor BUFT 1, C4<00>, C4<0>, C4<0>, C4<0>;
L_0x55bb7ff19bd0 .functor AND 2, L_0x7f20fd595610, L_0x55bb7ff19a90, C4<11>, C4<11>;
L_0x55bb7ff19ce0 .functor OR 2, L_0x55bb7ff19480, L_0x55bb7ff19bd0, C4<00>, C4<00>;
L_0x7f20fd5956e8 .functor BUFT 1, C4<00>, C4<0>, C4<0>, C4<0>;
L_0x55bb7ff1a1a0 .functor AND 2, L_0x7f20fd5956e8, L_0x55bb7ff1a060, C4<11>, C4<11>;
L_0x55bb7ff1a2b0 .functor OR 2, L_0x55bb7ff19ce0, L_0x55bb7ff1a1a0, C4<00>, C4<00>;
L_0x7f20fd5957c0 .functor BUFT 1, C4<00>, C4<0>, C4<0>, C4<0>;
L_0x55bb7ff1aca0 .functor AND 2, L_0x7f20fd5957c0, L_0x55bb7ff1ab60, C4<11>, C4<11>;
L_0x55bb7ff1adb0 .functor OR 2, L_0x55bb7ff1a2b0, L_0x55bb7ff1aca0, C4<00>, C4<00>;
L_0x55bb7ff1ba00 .functor BUFZ 1, L_0x55bb7ff1bdf0, C4<0>, C4<0>, C4<0>;
L_0x55bb7ff1bd80 .functor AND 1, v0x55bb7feebc30_0, v0x55bb7feecf90_0, C4<1>, C4<1>;
L_0x55bb7ff1bdf0 .functor BUFZ 1, v0x55bb7feebc30_0, C4<0>, C4<0>, C4<0>;
L_0x55bb7ff1c220 .functor BUFZ 32, v0x55bb7feebdb0_0, C4<00000000000000000000000000000000>, C4<00000000000000000000000000000000>, C4<00000000000000000000000000000000>;
o0x7f20fd5e0b78 .functor BUFZ 1, C4<z>; HiZ drive
L_0x55bb7ff1b180 .functor AND 1, o0x7f20fd5e0b78, L_0x55bb7ff1c290, C4<1>, C4<1>;
L_0x55bb7ff1c820 .functor AND 1, L_0x55bb7ff1b180, L_0x55bb7ff1b570, C4<1>, C4<1>;
L_0x55bb7ff1c380 .functor AND 1, v0x55bb7feeb830_0, L_0x55bb7ff1c930, C4<1>, C4<1>;
L_0x55bb7ff1ce80 .functor OR 1, L_0x55bb7ff1c380, v0x55bb7feeb6b0_0, C4<0>, C4<0>;
v0x55bb7feaf8c0_0 .net/2u *"_ivl_0", 1 0, L_0x7f20fd593018;  1 drivers
v0x55bb7feb1d20_0 .net *"_ivl_100", 0 0, L_0x55bb7ff001c0;  1 drivers
v0x55bb7feb1df0_0 .net *"_ivl_102", 1 0, L_0x55bb7feffe00;  1 drivers
L_0x7f20fd5935b8 .functor BUFT 1, C4<0>, C4<0>, C4<0>, C4<0>;
v0x55bb7feb2c80_0 .net *"_ivl_105", 0 0, L_0x7f20fd5935b8;  1 drivers
v0x55bb7feb2d50_0 .net *"_ivl_106", 1 0, L_0x55bb7ff00450;  1 drivers
v0x55bb7feb5280_0 .net *"_ivl_108", 1 0, L_0x55bb7ff005d0;  1 drivers
L_0x7f20fd5930a8 .functor BUFT 1, C4<0>, C4<0>, C4<0>, C4<0>;
v0x55bb7feb5350_0 .net *"_ivl_11", 0 0, L_0x7f20fd5930a8;  1 drivers
v0x55bb7fed5890_0 .net/2u *"_ivl_110", 1 0, L_0x7f20fd593600;  1 drivers
v0x55bb7fed5970_0 .net *"_ivl_113", 16 0, L_0x55bb7ff006e0;  1 drivers
L_0x7f20fd593648 .functor BUFT 1, C4<00000000000101010>, C4<0>, C4<0>, C4<0>;
v0x55bb7fed5ae0_0 .net/2u *"_ivl_114", 16 0, L_0x7f20fd593648;  1 drivers
v0x55bb7fed5bc0_0 .net *"_ivl_116", 0 0, L_0x55bb7ff00950;  1 drivers
v0x55bb7fed5c80_0 .net *"_ivl_118", 1 0, L_0x55bb7ff00a90;  1 drivers
v0x55bb7fed5d60_0 .net *"_ivl_12", 1 0, L_0x55bb7feaf690;  1 drivers
L_0x7f20fd593690 .functor BUFT 1, C4<0>, C4<0>, C4<0>, C4<0>;
v0x55bb7fed5e40_0 .net *"_ivl_121", 0 0, L_0x7f20fd593690;  1 drivers
v0x55bb7fed5f20_0 .net *"_ivl_122", 1 0, L_0x55bb7ff00ca0;  1 drivers
v0x55bb7fed6000_0 .net *"_ivl_124", 1 0, L_0x55bb7ff00560;  1 drivers
v0x55bb7fed60e0_0 .net/2u *"_ivl_126", 1 0, L_0x7f20fd5936d8;  1 drivers
v0x55bb7fed62d0_0 .net *"_ivl_129", 16 0, L_0x55bb7ff00ed0;  1 drivers
L_0x7f20fd593720 .functor BUFT 1, C4<00000000000101011>, C4<0>, C4<0>, C4<0>;
v0x55bb7fed63b0_0 .net/2u *"_ivl_130", 16 0, L_0x7f20fd593720;  1 drivers
v0x55bb7fed6490_0 .net *"_ivl_132", 0 0, L_0x55bb7ff00f70;  1 drivers
v0x55bb7fed6550_0 .net *"_ivl_134", 1 0, L_0x55bb7ff01190;  1 drivers
L_0x7f20fd593768 .functor BUFT 1, C4<0>, C4<0>, C4<0>, C4<0>;
v0x55bb7fed6630_0 .net *"_ivl_137", 0 0, L_0x7f20fd593768;  1 drivers
v0x55bb7fed6710_0 .net *"_ivl_138", 1 0, L_0x55bb7ff012d0;  1 drivers
v0x55bb7fed67f0_0 .net/2u *"_ivl_14", 1 0, L_0x7f20fd5930f0;  1 drivers
v0x55bb7fed68d0_0 .net *"_ivl_140", 1 0, L_0x55bb7ff01470;  1 drivers
v0x55bb7fed69b0_0 .net/2u *"_ivl_142", 1 0, L_0x7f20fd5937b0;  1 drivers
v0x55bb7fed6a90_0 .net *"_ivl_145", 16 0, L_0x55bb7ff01580;  1 drivers
L_0x7f20fd5937f8 .functor BUFT 1, C4<00000000000101000>, C4<0>, C4<0>, C4<0>;
v0x55bb7fed6b70_0 .net/2u *"_ivl_146", 16 0, L_0x7f20fd5937f8;  1 drivers
v0x55bb7fed6c50_0 .net *"_ivl_148", 0 0, L_0x55bb7ff01710;  1 drivers
v0x55bb7fed6d10_0 .net *"_ivl_150", 1 0, L_0x55bb7ff01850;  1 drivers
L_0x7f20fd593840 .functor BUFT 1, C4<0>, C4<0>, C4<0>, C4<0>;
v0x55bb7fed6df0_0 .net *"_ivl_153", 0 0, L_0x7f20fd593840;  1 drivers
v0x55bb7fed6ed0_0 .net *"_ivl_154", 1 0, L_0x55bb7ff01a90;  1 drivers
v0x55bb7fed6fb0_0 .net *"_ivl_156", 1 0, L_0x55bb7ff01c40;  1 drivers
v0x55bb7fed72a0_0 .net/2u *"_ivl_158", 1 0, L_0x7f20fd593888;  1 drivers
v0x55bb7fed7380_0 .net *"_ivl_161", 16 0, L_0x55bb7ff01d50;  1 drivers
L_0x7f20fd5938d0 .functor BUFT 1, C4<00000000010000001>, C4<0>, C4<0>, C4<0>;
v0x55bb7fed7460_0 .net/2u *"_ivl_162", 16 0, L_0x7f20fd5938d0;  1 drivers
v0x55bb7fed7540_0 .net *"_ivl_164", 0 0, L_0x55bb7ff01df0;  1 drivers
v0x55bb7fed7600_0 .net *"_ivl_166", 1 0, L_0x55bb7ff02040;  1 drivers
L_0x7f20fd593918 .functor BUFT 1, C4<0>, C4<0>, C4<0>, C4<0>;
v0x55bb7fed76e0_0 .net *"_ivl_169", 0 0, L_0x7f20fd593918;  1 drivers
v0x55bb7fed77c0_0 .net *"_ivl_17", 16 0, L_0x55bb7feee440;  1 drivers
v0x55bb7fed78a0_0 .net *"_ivl_170", 1 0, L_0x55bb7ff02180;  1 drivers
v0x55bb7fed7980_0 .net *"_ivl_172", 1 0, L_0x55bb7ff02340;  1 drivers
v0x55bb7fed7a60_0 .net/2u *"_ivl_174", 1 0, L_0x7f20fd593960;  1 drivers
v0x55bb7fed7b40_0 .net *"_ivl_177", 16 0, L_0x55bb7ff01ba0;  1 drivers
L_0x7f20fd5939a8 .functor BUFT 1, C4<00000000010001001>, C4<0>, C4<0>, C4<0>;
v0x55bb7fed7c20_0 .net/2u *"_ivl_178", 16 0, L_0x7f20fd5939a8;  1 drivers
L_0x7f20fd593138 .functor BUFT 1, C4<00000000000100000>, C4<0>, C4<0>, C4<0>;
v0x55bb7fed7d00_0 .net/2u *"_ivl_18", 16 0, L_0x7f20fd593138;  1 drivers
v0x55bb7fed7de0_0 .net *"_ivl_180", 0 0, L_0x55bb7ff02570;  1 drivers
v0x55bb7fed7ea0_0 .net *"_ivl_182", 1 0, L_0x55bb7ff026b0;  1 drivers
L_0x7f20fd5939f0 .functor BUFT 1, C4<0>, C4<0>, C4<0>, C4<0>;
v0x55bb7fed7f80_0 .net *"_ivl_185", 0 0, L_0x7f20fd5939f0;  1 drivers
v0x55bb7fed8060_0 .net *"_ivl_186", 1 0, L_0x55bb7ff024a0;  1 drivers
v0x55bb7fed8140_0 .net *"_ivl_188", 1 0, L_0x55bb7ff029e0;  1 drivers
v0x55bb7fed8220_0 .net/2u *"_ivl_190", 1 0, L_0x7f20fd593a38;  1 drivers
v0x55bb7fed8300_0 .net *"_ivl_193", 16 0, L_0x55bb7ff02af0;  1 drivers
L_0x7f20fd593a80 .functor BUFT 1, C4<00000000010010001>, C4<0>, C4<0>, C4<0>;
v0x55bb7fed83e0_0 .net/2u *"_ivl_194", 16 0, L_0x7f20fd593a80;  1 drivers
v0x55bb7fed84c0_0 .net *"_ivl_196", 0 0, L_0x55bb7ff02b90;  1 drivers
v0x55bb7fed8580_0 .net *"_ivl_198", 1 0, L_0x55bb7ff02e10;  1 drivers
v0x55bb7fed8660_0 .net *"_ivl_20", 0 0, L_0x55bb7fefe5c0;  1 drivers
L_0x7f20fd593ac8 .functor BUFT 1, C4<0>, C4<0>, C4<0>, C4<0>;
v0x55bb7fed8720_0 .net *"_ivl_201", 0 0, L_0x7f20fd593ac8;  1 drivers
v0x55bb7fed8800_0 .net *"_ivl_202", 1 0, L_0x55bb7ff02f50;  1 drivers
v0x55bb7fed88e0_0 .net *"_ivl_204", 1 0, L_0x55bb7ff03130;  1 drivers
v0x55bb7fed89c0_0 .net/2u *"_ivl_206", 1 0, L_0x7f20fd593b10;  1 drivers
v0x55bb7fed8aa0_0 .net *"_ivl_209", 9 0, L_0x55bb7ff03240;  1 drivers
L_0x7f20fd593b58 .functor BUFT 1, C4<0010100010>, C4<0>, C4<0>, C4<0>;
v0x55bb7fed8b80_0 .net/2u *"_ivl_210", 9 0, L_0x7f20fd593b58;  1 drivers
v0x55bb7fed8c60_0 .net *"_ivl_212", 0 0, L_0x55bb7ff03430;  1 drivers
v0x55bb7fed8d20_0 .net *"_ivl_214", 1 0, L_0x55bb7ff03570;  1 drivers
L_0x7f20fd593ba0 .functor BUFT 1, C4<0>, C4<0>, C4<0>, C4<0>;
v0x55bb7fed9210_0 .net *"_ivl_217", 0 0, L_0x7f20fd593ba0;  1 drivers
v0x55bb7fed92f0_0 .net *"_ivl_218", 1 0, L_0x55bb7ff03810;  1 drivers
v0x55bb7fed93d0_0 .net *"_ivl_22", 1 0, L_0x55bb7fefe700;  1 drivers
v0x55bb7fed94b0_0 .net *"_ivl_220", 1 0, L_0x55bb7ff03a00;  1 drivers
v0x55bb7fed9590_0 .net/2u *"_ivl_222", 1 0, L_0x7f20fd593be8;  1 drivers
v0x55bb7fed9670_0 .net *"_ivl_225", 9 0, L_0x55bb7ff03b10;  1 drivers
L_0x7f20fd593c30 .functor BUFT 1, C4<0010100110>, C4<0>, C4<0>, C4<0>;
v0x55bb7fed9750_0 .net/2u *"_ivl_226", 9 0, L_0x7f20fd593c30;  1 drivers
v0x55bb7fed9830_0 .net *"_ivl_228", 0 0, L_0x55bb7ff03bb0;  1 drivers
v0x55bb7fed98f0_0 .net *"_ivl_230", 1 0, L_0x55bb7ff03e60;  1 drivers
L_0x7f20fd593c78 .functor BUFT 1, C4<0>, C4<0>, C4<0>, C4<0>;
v0x55bb7fed99d0_0 .net *"_ivl_233", 0 0, L_0x7f20fd593c78;  1 drivers
v0x55bb7fed9ab0_0 .net *"_ivl_234", 1 0, L_0x55bb7ff03fa0;  1 drivers
v0x55bb7fed9b90_0 .net *"_ivl_236", 1 0, L_0x55bb7ff041a0;  1 drivers
v0x55bb7fed9c70_0 .net/2u *"_ivl_238", 1 0, L_0x7f20fd593cc0;  1 drivers
v0x55bb7fed9d50_0 .net *"_ivl_241", 5 0, L_0x55bb7ff042b0;  1 drivers
L_0x7f20fd593d08 .functor BUFT 1, C4<010110>, C4<0>, C4<0>, C4<0>;
v0x55bb7fed9e30_0 .net/2u *"_ivl_242", 5 0, L_0x7f20fd593d08;  1 drivers
v0x55bb7fed9f10_0 .net *"_ivl_244", 0 0, L_0x55bb7ff046e0;  1 drivers
v0x55bb7fed9fd0_0 .net *"_ivl_246", 1 0, L_0x55bb7ff04820;  1 drivers
L_0x7f20fd593d50 .functor BUFT 1, C4<0>, C4<0>, C4<0>, C4<0>;
v0x55bb7feda0b0_0 .net *"_ivl_249", 0 0, L_0x7f20fd593d50;  1 drivers
L_0x7f20fd593180 .functor BUFT 1, C4<0>, C4<0>, C4<0>, C4<0>;
v0x55bb7feda190_0 .net *"_ivl_25", 0 0, L_0x7f20fd593180;  1 drivers
v0x55bb7feda270_0 .net *"_ivl_250", 1 0, L_0x55bb7ff04af0;  1 drivers
v0x55bb7feda350_0 .net *"_ivl_252", 1 0, L_0x55bb7ff04d00;  1 drivers
v0x55bb7feda430_0 .net/2u *"_ivl_254", 1 0, L_0x7f20fd593d98;  1 drivers
v0x55bb7feda510_0 .net *"_ivl_257", 5 0, L_0x55bb7ff04e10;  1 drivers
L_0x7f20fd593de0 .functor BUFT 1, C4<010111>, C4<0>, C4<0>, C4<0>;
v0x55bb7feda5f0_0 .net/2u *"_ivl_258", 5 0, L_0x7f20fd593de0;  1 drivers
v0x55bb7feda6d0_0 .net *"_ivl_26", 1 0, L_0x55bb7feb1bc0;  1 drivers
v0x55bb7feda7b0_0 .net *"_ivl_260", 0 0, L_0x55bb7ff04eb0;  1 drivers
v0x55bb7feda870_0 .net *"_ivl_262", 1 0, L_0x55bb7ff05190;  1 drivers
L_0x7f20fd593e28 .functor BUFT 1, C4<0>, C4<0>, C4<0>, C4<0>;
v0x55bb7feda950_0 .net *"_ivl_265", 0 0, L_0x7f20fd593e28;  1 drivers
v0x55bb7fedaa30_0 .net *"_ivl_266", 1 0, L_0x55bb7ff052d0;  1 drivers
v0x55bb7fedab10_0 .net *"_ivl_268", 1 0, L_0x55bb7ff054f0;  1 drivers
v0x55bb7fedabf0_0 .net/2u *"_ivl_270", 1 0, L_0x7f20fd593e70;  1 drivers
v0x55bb7fedacd0_0 .net *"_ivl_273", 5 0, L_0x55bb7ff05600;  1 drivers
L_0x7f20fd593eb8 .functor BUFT 1, C4<010101>, C4<0>, C4<0>, C4<0>;
v0x55bb7fedadb0_0 .net/2u *"_ivl_274", 5 0, L_0x7f20fd593eb8;  1 drivers
v0x55bb7fedae90_0 .net *"_ivl_276", 0 0, L_0x55bb7ff05850;  1 drivers
v0x55bb7fedaf50_0 .net *"_ivl_278", 1 0, L_0x55bb7ff05990;  1 drivers
v0x55bb7fedb030_0 .net *"_ivl_28", 1 0, L_0x55bb7feb2b20;  1 drivers
L_0x7f20fd593f00 .functor BUFT 1, C4<0>, C4<0>, C4<0>, C4<0>;
v0x55bb7fedb110_0 .net *"_ivl_281", 0 0, L_0x7f20fd593f00;  1 drivers
v0x55bb7fedb1f0_0 .net *"_ivl_282", 1 0, L_0x55bb7ff05c90;  1 drivers
v0x55bb7fedb2d0_0 .net *"_ivl_284", 1 0, L_0x55bb7ff05ec0;  1 drivers
v0x55bb7fedb3b0_0 .net/2u *"_ivl_286", 1 0, L_0x7f20fd593f48;  1 drivers
v0x55bb7fedb490_0 .net *"_ivl_289", 5 0, L_0x55bb7ff05fd0;  1 drivers
L_0x7f20fd593f90 .functor BUFT 1, C4<010011>, C4<0>, C4<0>, C4<0>;
v0x55bb7fedb570_0 .net/2u *"_ivl_290", 5 0, L_0x7f20fd593f90;  1 drivers
v0x55bb7fedb650_0 .net *"_ivl_292", 0 0, L_0x55bb7ff06070;  1 drivers
v0x55bb7fedb710_0 .net *"_ivl_294", 1 0, L_0x55bb7ff06380;  1 drivers
L_0x7f20fd593fd8 .functor BUFT 1, C4<0>, C4<0>, C4<0>, C4<0>;
v0x55bb7fedb7f0_0 .net *"_ivl_297", 0 0, L_0x7f20fd593fd8;  1 drivers
v0x55bb7fedb8d0_0 .net *"_ivl_298", 1 0, L_0x55bb7ff064c0;  1 drivers
v0x55bb7fedb9b0_0 .net *"_ivl_3", 6 0, L_0x55bb7feee0d0;  1 drivers
v0x55bb7fedba90_0 .net/2u *"_ivl_30", 1 0, L_0x7f20fd5931c8;  1 drivers
v0x55bb7fedbb70_0 .net *"_ivl_300", 1 0, L_0x55bb7ff05da0;  1 drivers
v0x55bb7fedbc50_0 .net/2u *"_ivl_302", 1 0, L_0x7f20fd594020;  1 drivers
v0x55bb7fedbd30_0 .net *"_ivl_305", 5 0, L_0x55bb7ff06700;  1 drivers
L_0x7f20fd594068 .functor BUFT 1, C4<010100>, C4<0>, C4<0>, C4<0>;
v0x55bb7fedbe10_0 .net/2u *"_ivl_306", 5 0, L_0x7f20fd594068;  1 drivers
v0x55bb7fedbef0_0 .net *"_ivl_308", 0 0, L_0x55bb7ff06980;  1 drivers
v0x55bb7fedbfb0_0 .net *"_ivl_310", 1 0, L_0x55bb7ff06ac0;  1 drivers
L_0x7f20fd5940b0 .functor BUFT 1, C4<0>, C4<0>, C4<0>, C4<0>;
v0x55bb7fedc090_0 .net *"_ivl_313", 0 0, L_0x7f20fd5940b0;  1 drivers
v0x55bb7fedc170_0 .net *"_ivl_314", 1 0, L_0x55bb7ff06df0;  1 drivers
v0x55bb7fedc250_0 .net *"_ivl_316", 1 0, L_0x55bb7ff07040;  1 drivers
v0x55bb7fedc330_0 .net/2u *"_ivl_318", 1 0, L_0x7f20fd5940f8;  1 drivers
v0x55bb7fedc410_0 .net *"_ivl_321", 6 0, L_0x55bb7ff07150;  1 drivers
L_0x7f20fd594140 .functor BUFT 1, C4<0001110>, C4<0>, C4<0>, C4<0>;
v0x55bb7fedc4f0_0 .net/2u *"_ivl_322", 6 0, L_0x7f20fd594140;  1 drivers
v0x55bb7fedc5d0_0 .net *"_ivl_324", 0 0, L_0x55bb7ff071f0;  1 drivers
v0x55bb7fedc690_0 .net *"_ivl_326", 1 0, L_0x55bb7ff07530;  1 drivers
L_0x7f20fd594188 .functor BUFT 1, C4<0>, C4<0>, C4<0>, C4<0>;
v0x55bb7fedc770_0 .net *"_ivl_329", 0 0, L_0x7f20fd594188;  1 drivers
v0x55bb7fedc850_0 .net *"_ivl_33", 9 0, L_0x55bb7fefe9c0;  1 drivers
v0x55bb7fedd140_0 .net *"_ivl_330", 1 0, L_0x55bb7ff07670;  1 drivers
v0x55bb7fedd220_0 .net *"_ivl_332", 1 0, L_0x55bb7ff078d0;  1 drivers
v0x55bb7fedd300_0 .net/2u *"_ivl_334", 1 0, L_0x7f20fd5941d0;  1 drivers
v0x55bb7fedd3e0_0 .net *"_ivl_337", 9 0, L_0x55bb7ff079e0;  1 drivers
L_0x7f20fd594218 .functor BUFT 1, C4<0000001000>, C4<0>, C4<0>, C4<0>;
v0x55bb7fedd4c0_0 .net/2u *"_ivl_338", 9 0, L_0x7f20fd594218;  1 drivers
L_0x7f20fd593210 .functor BUFT 1, C4<0000001010>, C4<0>, C4<0>, C4<0>;
v0x55bb7fedd5a0_0 .net/2u *"_ivl_34", 9 0, L_0x7f20fd593210;  1 drivers
v0x55bb7fedd680_0 .net *"_ivl_340", 0 0, L_0x55bb7ff07c90;  1 drivers
v0x55bb7fedd740_0 .net *"_ivl_342", 1 0, L_0x55bb7ff07dd0;  1 drivers
L_0x7f20fd594260 .functor BUFT 1, C4<0>, C4<0>, C4<0>, C4<0>;
v0x55bb7fedd820_0 .net *"_ivl_345", 0 0, L_0x7f20fd594260;  1 drivers
v0x55bb7fedd900_0 .net *"_ivl_346", 1 0, L_0x55bb7ff08130;  1 drivers
v0x55bb7fedd9e0_0 .net *"_ivl_348", 1 0, L_0x55bb7ff083a0;  1 drivers
v0x55bb7feddac0_0 .net/2u *"_ivl_350", 1 0, L_0x7f20fd5942a8;  1 drivers
v0x55bb7feddba0_0 .net *"_ivl_353", 9 0, L_0x55bb7ff084b0;  1 drivers
L_0x7f20fd5942f0 .functor BUFT 1, C4<0000001001>, C4<0>, C4<0>, C4<0>;
v0x55bb7feddc80_0 .net/2u *"_ivl_354", 9 0, L_0x7f20fd5942f0;  1 drivers
v0x55bb7feddd60_0 .net *"_ivl_356", 0 0, L_0x55bb7ff08550;  1 drivers
v0x55bb7fedde20_0 .net *"_ivl_358", 1 0, L_0x55bb7ff088c0;  1 drivers
v0x55bb7feddf00_0 .net *"_ivl_36", 0 0, L_0x55bb7fefea60;  1 drivers
L_0x7f20fd594338 .functor BUFT 1, C4<0>, C4<0>, C4<0>, C4<0>;
v0x55bb7feddfc0_0 .net *"_ivl_361", 0 0, L_0x7f20fd594338;  1 drivers
v0x55bb7fede0a0_0 .net *"_ivl_362", 1 0, L_0x55bb7ff08a00;  1 drivers
v0x55bb7fede180_0 .net *"_ivl_364", 1 0, L_0x55bb7ff08c80;  1 drivers
v0x55bb7fede260_0 .net/2u *"_ivl_366", 1 0, L_0x7f20fd594380;  1 drivers
v0x55bb7fede340_0 .net *"_ivl_369", 9 0, L_0x55bb7ff08d90;  1 drivers
L_0x7f20fd5943c8 .functor BUFT 1, C4<0000001101>, C4<0>, C4<0>, C4<0>;
v0x55bb7fede420_0 .net/2u *"_ivl_370", 9 0, L_0x7f20fd5943c8;  1 drivers
v0x55bb7fede500_0 .net *"_ivl_372", 0 0, L_0x55bb7ff09070;  1 drivers
v0x55bb7fede5c0_0 .net *"_ivl_374", 1 0, L_0x55bb7ff091b0;  1 drivers
L_0x7f20fd594410 .functor BUFT 1, C4<0>, C4<0>, C4<0>, C4<0>;
v0x55bb7fede6a0_0 .net *"_ivl_377", 0 0, L_0x7f20fd594410;  1 drivers
v0x55bb7fede780_0 .net *"_ivl_378", 1 0, L_0x55bb7ff09540;  1 drivers
v0x55bb7fede860_0 .net *"_ivl_38", 1 0, L_0x55bb7fefebf0;  1 drivers
v0x55bb7fede940_0 .net *"_ivl_380", 1 0, L_0x55bb7ff097d0;  1 drivers
v0x55bb7fedea20_0 .net/2u *"_ivl_382", 1 0, L_0x7f20fd594458;  1 drivers
v0x55bb7fedeb00_0 .net *"_ivl_385", 9 0, L_0x55bb7ff098e0;  1 drivers
L_0x7f20fd5944a0 .functor BUFT 1, C4<0000001110>, C4<0>, C4<0>, C4<0>;
v0x55bb7fedebe0_0 .net/2u *"_ivl_386", 9 0, L_0x7f20fd5944a0;  1 drivers
v0x55bb7fedecc0_0 .net *"_ivl_388", 0 0, L_0x55bb7ff09980;  1 drivers
v0x55bb7feded80_0 .net *"_ivl_390", 1 0, L_0x55bb7ff09d20;  1 drivers
L_0x7f20fd5944e8 .functor BUFT 1, C4<0>, C4<0>, C4<0>, C4<0>;
v0x55bb7fedee60_0 .net *"_ivl_393", 0 0, L_0x7f20fd5944e8;  1 drivers
v0x55bb7fedef40_0 .net *"_ivl_394", 1 0, L_0x55bb7ff09e60;  1 drivers
v0x55bb7fedf020_0 .net *"_ivl_396", 1 0, L_0x55bb7ff0a100;  1 drivers
v0x55bb7fedf100_0 .net/2u *"_ivl_398", 1 0, L_0x7f20fd594530;  1 drivers
L_0x7f20fd593060 .functor BUFT 1, C4<0001010>, C4<0>, C4<0>, C4<0>;
v0x55bb7fedf1e0_0 .net/2u *"_ivl_4", 6 0, L_0x7f20fd593060;  1 drivers
v0x55bb7fedf2c0_0 .net *"_ivl_401", 9 0, L_0x55bb7ff0a210;  1 drivers
L_0x7f20fd594578 .functor BUFT 1, C4<0000001111>, C4<0>, C4<0>, C4<0>;
v0x55bb7fedf3a0_0 .net/2u *"_ivl_402", 9 0, L_0x7f20fd594578;  1 drivers
v0x55bb7fedf480_0 .net *"_ivl_404", 0 0, L_0x55bb7ff0a520;  1 drivers
v0x55bb7fedf540_0 .net *"_ivl_406", 1 0, L_0x55bb7ff0a660;  1 drivers
L_0x7f20fd5945c0 .functor BUFT 1, C4<0>, C4<0>, C4<0>, C4<0>;
v0x55bb7fedf620_0 .net *"_ivl_409", 0 0, L_0x7f20fd5945c0;  1 drivers
L_0x7f20fd593258 .functor BUFT 1, C4<0>, C4<0>, C4<0>, C4<0>;
v0x55bb7fedf700_0 .net *"_ivl_41", 0 0, L_0x7f20fd593258;  1 drivers
v0x55bb7fedf7e0_0 .net *"_ivl_410", 1 0, L_0x55bb7ff0aa20;  1 drivers
v0x55bb7fedf8c0_0 .net *"_ivl_412", 1 0, L_0x55bb7ff0acd0;  1 drivers
v0x55bb7fedf9a0_0 .net/2u *"_ivl_414", 1 0, L_0x7f20fd594608;  1 drivers
v0x55bb7fedfa80_0 .net *"_ivl_417", 16 0, L_0x55bb7ff0ade0;  1 drivers
L_0x7f20fd594650 .functor BUFT 1, C4<00000000000101110>, C4<0>, C4<0>, C4<0>;
v0x55bb7fedfb60_0 .net/2u *"_ivl_418", 16 0, L_0x7f20fd594650;  1 drivers
v0x55bb7fedfc40_0 .net *"_ivl_42", 1 0, L_0x55bb7feb5120;  1 drivers
v0x55bb7fedfd20_0 .net *"_ivl_420", 0 0, L_0x55bb7ff0ae80;  1 drivers
v0x55bb7fedfde0_0 .net *"_ivl_422", 1 0, L_0x55bb7ff0b250;  1 drivers
L_0x7f20fd594698 .functor BUFT 1, C4<0>, C4<0>, C4<0>, C4<0>;
v0x55bb7fedfec0_0 .net *"_ivl_425", 0 0, L_0x7f20fd594698;  1 drivers
v0x55bb7fedffa0_0 .net *"_ivl_426", 1 0, L_0x55bb7ff0b390;  1 drivers
v0x55bb7fee0080_0 .net *"_ivl_428", 1 0, L_0x55bb7ff0b650;  1 drivers
v0x55bb7fee0160_0 .net/2u *"_ivl_430", 1 0, L_0x7f20fd5946e0;  1 drivers
v0x55bb7fee0240_0 .net *"_ivl_433", 16 0, L_0x55bb7ff0b760;  1 drivers
L_0x7f20fd594728 .functor BUFT 1, C4<00000000000110000>, C4<0>, C4<0>, C4<0>;
v0x55bb7fee0320_0 .net/2u *"_ivl_434", 16 0, L_0x7f20fd594728;  1 drivers
v0x55bb7fee0400_0 .net *"_ivl_436", 0 0, L_0x55bb7ff0baa0;  1 drivers
v0x55bb7fee04c0_0 .net *"_ivl_438", 1 0, L_0x55bb7ff0bbe0;  1 drivers
v0x55bb7fee05a0_0 .net *"_ivl_44", 1 0, L_0x55bb7fefedb0;  1 drivers
L_0x7f20fd594770 .functor BUFT 1, C4<0>, C4<0>, C4<0>, C4<0>;
v0x55bb7fee0680_0 .net *"_ivl_441", 0 0, L_0x7f20fd594770;  1 drivers
v0x55bb7fee0760_0 .net *"_ivl_442", 1 0, L_0x55bb7ff0bfd0;  1 drivers
v0x55bb7fee0840_0 .net *"_ivl_444", 1 0, L_0x55bb7ff0c2a0;  1 drivers
v0x55bb7fee0920_0 .net/2u *"_ivl_446", 1 0, L_0x7f20fd5947b8;  1 drivers
v0x55bb7fee0a00_0 .net *"_ivl_449", 16 0, L_0x55bb7ff0c3b0;  1 drivers
L_0x7f20fd594800 .functor BUFT 1, C4<00000000000101111>, C4<0>, C4<0>, C4<0>;
v0x55bb7fee0ae0_0 .net/2u *"_ivl_450", 16 0, L_0x7f20fd594800;  1 drivers
v0x55bb7fee0bc0_0 .net *"_ivl_452", 0 0, L_0x55bb7ff0c450;  1 drivers
v0x55bb7fee0c80_0 .net *"_ivl_454", 1 0, L_0x55bb7ff0c850;  1 drivers
L_0x7f20fd594848 .functor BUFT 1, C4<0>, C4<0>, C4<0>, C4<0>;
v0x55bb7fee0d60_0 .net *"_ivl_457", 0 0, L_0x7f20fd594848;  1 drivers
v0x55bb7fee0e40_0 .net *"_ivl_458", 1 0, L_0x55bb7ff0c990;  1 drivers
v0x55bb7fee0f20_0 .net/2u *"_ivl_46", 1 0, L_0x7f20fd5932a0;  1 drivers
v0x55bb7fee1000_0 .net *"_ivl_460", 1 0, L_0x55bb7ff0cc70;  1 drivers
v0x55bb7fee10e0_0 .net/2u *"_ivl_462", 1 0, L_0x7f20fd594890;  1 drivers
v0x55bb7fee11c0_0 .net *"_ivl_465", 16 0, L_0x55bb7ff0cd80;  1 drivers
L_0x7f20fd5948d8 .functor BUFT 1, C4<00000000001000000>, C4<0>, C4<0>, C4<0>;
v0x55bb7fee12a0_0 .net/2u *"_ivl_466", 16 0, L_0x7f20fd5948d8;  1 drivers
v0x55bb7fee1380_0 .net *"_ivl_468", 0 0, L_0x55bb7ff0d0f0;  1 drivers
v0x55bb7fee1440_0 .net *"_ivl_470", 1 0, L_0x55bb7ff0d230;  1 drivers
L_0x7f20fd594920 .functor BUFT 1, C4<0>, C4<0>, C4<0>, C4<0>;
v0x55bb7fee1520_0 .net *"_ivl_473", 0 0, L_0x7f20fd594920;  1 drivers
v0x55bb7fee1600_0 .net *"_ivl_474", 1 0, L_0x55bb7ff0d650;  1 drivers
v0x55bb7fee16e0_0 .net *"_ivl_476", 1 0, L_0x55bb7ff0d940;  1 drivers
v0x55bb7fee17c0_0 .net/2u *"_ivl_478", 1 0, L_0x7f20fd594968;  1 drivers
v0x55bb7fee18a0_0 .net *"_ivl_481", 16 0, L_0x55bb7ff0da50;  1 drivers
L_0x7f20fd5949b0 .functor BUFT 1, C4<00000000001000010>, C4<0>, C4<0>, C4<0>;
v0x55bb7fee1980_0 .net/2u *"_ivl_482", 16 0, L_0x7f20fd5949b0;  1 drivers
v0x55bb7fee1a60_0 .net *"_ivl_484", 0 0, L_0x55bb7ff0daf0;  1 drivers
v0x55bb7fee1b20_0 .net *"_ivl_486", 1 0, L_0x55bb7ff0df20;  1 drivers
L_0x7f20fd5949f8 .functor BUFT 1, C4<0>, C4<0>, C4<0>, C4<0>;
v0x55bb7fee1c00_0 .net *"_ivl_489", 0 0, L_0x7f20fd5949f8;  1 drivers
v0x55bb7fee1ce0_0 .net *"_ivl_49", 16 0, L_0x55bb7fefeec0;  1 drivers
v0x55bb7fee1dc0_0 .net *"_ivl_490", 1 0, L_0x55bb7ff0e060;  1 drivers
v0x55bb7fee1ea0_0 .net *"_ivl_492", 1 0, L_0x55bb7ff0e360;  1 drivers
v0x55bb7fee1f80_0 .net/2u *"_ivl_494", 1 0, L_0x7f20fd594a40;  1 drivers
v0x55bb7fee2060_0 .net *"_ivl_497", 16 0, L_0x55bb7ff0e470;  1 drivers
L_0x7f20fd594a88 .functor BUFT 1, C4<00000000000111000>, C4<0>, C4<0>, C4<0>;
v0x55bb7fee2140_0 .net/2u *"_ivl_498", 16 0, L_0x7f20fd594a88;  1 drivers
L_0x7f20fd5932e8 .functor BUFT 1, C4<00000000000100010>, C4<0>, C4<0>, C4<0>;
v0x55bb7fee2220_0 .net/2u *"_ivl_50", 16 0, L_0x7f20fd5932e8;  1 drivers
v0x55bb7fee2300_0 .net *"_ivl_500", 0 0, L_0x55bb7ff0ec20;  1 drivers
v0x55bb7fee23c0_0 .net *"_ivl_502", 1 0, L_0x55bb7ff0ed60;  1 drivers
L_0x7f20fd594ad0 .functor BUFT 1, C4<0>, C4<0>, C4<0>, C4<0>;
v0x55bb7fee24a0_0 .net *"_ivl_505", 0 0, L_0x7f20fd594ad0;  1 drivers
v0x55bb7fee2580_0 .net *"_ivl_506", 1 0, L_0x55bb7ff0f1b0;  1 drivers
v0x55bb7fee2660_0 .net *"_ivl_508", 1 0, L_0x55bb7ff0f4c0;  1 drivers
v0x55bb7fee2740_0 .net/2u *"_ivl_510", 1 0, L_0x7f20fd594b18;  1 drivers
v0x55bb7fee2820_0 .net *"_ivl_513", 16 0, L_0x55bb7ff0f5d0;  1 drivers
L_0x7f20fd594b60 .functor BUFT 1, C4<00000000000111001>, C4<0>, C4<0>, C4<0>;
v0x55bb7fee2900_0 .net/2u *"_ivl_514", 16 0, L_0x7f20fd594b60;  1 drivers
v0x55bb7fee29e0_0 .net *"_ivl_516", 0 0, L_0x55bb7ff0f670;  1 drivers
v0x55bb7fee2aa0_0 .net *"_ivl_518", 1 0, L_0x55bb7ff0fad0;  1 drivers
v0x55bb7fee2b80_0 .net *"_ivl_52", 0 0, L_0x55bb7feff050;  1 drivers
L_0x7f20fd594ba8 .functor BUFT 1, C4<0>, C4<0>, C4<0>, C4<0>;
v0x55bb7fee2c40_0 .net *"_ivl_521", 0 0, L_0x7f20fd594ba8;  1 drivers
v0x55bb7fee2d20_0 .net *"_ivl_522", 1 0, L_0x55bb7ff0fc10;  1 drivers
v0x55bb7fee2e00_0 .net *"_ivl_524", 1 0, L_0x55bb7ff0ff30;  1 drivers
v0x55bb7fee2ee0_0 .net/2u *"_ivl_526", 1 0, L_0x7f20fd594bf0;  1 drivers
v0x55bb7fee2fc0_0 .net *"_ivl_529", 16 0, L_0x55bb7ff10040;  1 drivers
L_0x7f20fd594c38 .functor BUFT 1, C4<00000000000111010>, C4<0>, C4<0>, C4<0>;
v0x55bb7fee30a0_0 .net/2u *"_ivl_530", 16 0, L_0x7f20fd594c38;  1 drivers
v0x55bb7fee3180_0 .net *"_ivl_532", 0 0, L_0x55bb7ff10410;  1 drivers
v0x55bb7fee3240_0 .net *"_ivl_534", 1 0, L_0x55bb7ff10550;  1 drivers
L_0x7f20fd594c80 .functor BUFT 1, C4<0>, C4<0>, C4<0>, C4<0>;
v0x55bb7fee3320_0 .net *"_ivl_537", 0 0, L_0x7f20fd594c80;  1 drivers
v0x55bb7fee3400_0 .net *"_ivl_538", 1 0, L_0x55bb7ff109d0;  1 drivers
v0x55bb7fee34e0_0 .net *"_ivl_54", 1 0, L_0x55bb7feff0f0;  1 drivers
v0x55bb7fee35c0_0 .net *"_ivl_540", 1 0, L_0x55bb7ff10d00;  1 drivers
v0x55bb7fee36a0_0 .net/2u *"_ivl_542", 1 0, L_0x7f20fd594cc8;  1 drivers
v0x55bb7fee3780_0 .net *"_ivl_545", 16 0, L_0x55bb7ff10e10;  1 drivers
L_0x7f20fd594d10 .functor BUFT 1, C4<00000000001000001>, C4<0>, C4<0>, C4<0>;
v0x55bb7fee3860_0 .net/2u *"_ivl_546", 16 0, L_0x7f20fd594d10;  1 drivers
v0x55bb7fee3940_0 .net *"_ivl_548", 0 0, L_0x55bb7ff10eb0;  1 drivers
v0x55bb7fee3a00_0 .net *"_ivl_550", 1 0, L_0x55bb7ff11340;  1 drivers
L_0x7f20fd594d58 .functor BUFT 1, C4<0>, C4<0>, C4<0>, C4<0>;
v0x55bb7fee3ae0_0 .net *"_ivl_553", 0 0, L_0x7f20fd594d58;  1 drivers
v0x55bb7fee3bc0_0 .net *"_ivl_554", 1 0, L_0x55bb7ff11480;  1 drivers
v0x55bb7fee3ca0_0 .net *"_ivl_556", 1 0, L_0x55bb7ff117c0;  1 drivers
v0x55bb7fee3d80_0 .net/2u *"_ivl_558", 1 0, L_0x7f20fd594da0;  1 drivers
v0x55bb7fee3e60_0 .net *"_ivl_561", 16 0, L_0x55bb7ff118d0;  1 drivers
L_0x7f20fd594de8 .functor BUFT 1, C4<00000000001000011>, C4<0>, C4<0>, C4<0>;
v0x55bb7fedc930_0 .net/2u *"_ivl_562", 16 0, L_0x7f20fd594de8;  1 drivers
v0x55bb7fedca10_0 .net *"_ivl_564", 0 0, L_0x55bb7ff11cd0;  1 drivers
v0x55bb7fedcad0_0 .net *"_ivl_566", 1 0, L_0x55bb7ff11e10;  1 drivers
L_0x7f20fd594e30 .functor BUFT 1, C4<0>, C4<0>, C4<0>, C4<0>;
v0x55bb7fedcbb0_0 .net *"_ivl_569", 0 0, L_0x7f20fd594e30;  1 drivers
L_0x7f20fd593330 .functor BUFT 1, C4<0>, C4<0>, C4<0>, C4<0>;
v0x55bb7fedcc90_0 .net *"_ivl_57", 0 0, L_0x7f20fd593330;  1 drivers
v0x55bb7fedcd70_0 .net *"_ivl_570", 1 0, L_0x55bb7ff122c0;  1 drivers
v0x55bb7fedce50_0 .net *"_ivl_572", 1 0, L_0x55bb7ff12610;  1 drivers
v0x55bb7fedcf30_0 .net/2u *"_ivl_574", 1 0, L_0x7f20fd594e78;  1 drivers
v0x55bb7fedd010_0 .net *"_ivl_577", 5 0, L_0x55bb7ff12720;  1 drivers
L_0x7f20fd594ec0 .functor BUFT 1, C4<011000>, C4<0>, C4<0>, C4<0>;
v0x55bb7fee4f10_0 .net/2u *"_ivl_578", 5 0, L_0x7f20fd594ec0;  1 drivers
v0x55bb7fee4ff0_0 .net *"_ivl_58", 1 0, L_0x55bb7feff2a0;  1 drivers
v0x55bb7fee50d0_0 .net *"_ivl_580", 0 0, L_0x55bb7ff127c0;  1 drivers
v0x55bb7fee5190_0 .net *"_ivl_582", 1 0, L_0x55bb7ff12c80;  1 drivers
L_0x7f20fd594f08 .functor BUFT 1, C4<0>, C4<0>, C4<0>, C4<0>;
v0x55bb7fee5270_0 .net *"_ivl_585", 0 0, L_0x7f20fd594f08;  1 drivers
v0x55bb7fee5350_0 .net *"_ivl_586", 1 0, L_0x55bb7ff12dc0;  1 drivers
v0x55bb7fee5430_0 .net *"_ivl_588", 1 0, L_0x55bb7ff13120;  1 drivers
v0x55bb7fee5510_0 .net/2u *"_ivl_590", 1 0, L_0x7f20fd594f50;  1 drivers
v0x55bb7fee55f0_0 .net *"_ivl_593", 5 0, L_0x55bb7ff13230;  1 drivers
L_0x7f20fd594f98 .functor BUFT 1, C4<011001>, C4<0>, C4<0>, C4<0>;
v0x55bb7fee56d0_0 .net/2u *"_ivl_594", 5 0, L_0x7f20fd594f98;  1 drivers
v0x55bb7fee57b0_0 .net *"_ivl_596", 0 0, L_0x55bb7ff13660;  1 drivers
v0x55bb7fee5870_0 .net *"_ivl_598", 1 0, L_0x55bb7ff137a0;  1 drivers
v0x55bb7fee5950_0 .net *"_ivl_6", 0 0, L_0x55bb7feee170;  1 drivers
v0x55bb7fee5a10_0 .net *"_ivl_60", 1 0, L_0x55bb7feff3f0;  1 drivers
L_0x7f20fd594fe0 .functor BUFT 1, C4<0>, C4<0>, C4<0>, C4<0>;
v0x55bb7fee5af0_0 .net *"_ivl_601", 0 0, L_0x7f20fd594fe0;  1 drivers
v0x55bb7fee5bd0_0 .net *"_ivl_602", 1 0, L_0x55bb7ff13c80;  1 drivers
v0x55bb7fee5cb0_0 .net *"_ivl_604", 1 0, L_0x55bb7ff13ff0;  1 drivers
v0x55bb7fee5d90_0 .net/2u *"_ivl_606", 1 0, L_0x7f20fd595028;  1 drivers
v0x55bb7fee5e70_0 .net *"_ivl_609", 5 0, L_0x55bb7ff14100;  1 drivers
L_0x7f20fd595070 .functor BUFT 1, C4<011010>, C4<0>, C4<0>, C4<0>;
v0x55bb7fee5f50_0 .net/2u *"_ivl_610", 5 0, L_0x7f20fd595070;  1 drivers
v0x55bb7fee6030_0 .net *"_ivl_612", 0 0, L_0x55bb7ff141a0;  1 drivers
v0x55bb7fee60f0_0 .net *"_ivl_614", 1 0, L_0x55bb7ff14690;  1 drivers
L_0x7f20fd5950b8 .functor BUFT 1, C4<0>, C4<0>, C4<0>, C4<0>;
v0x55bb7fee61d0_0 .net *"_ivl_617", 0 0, L_0x7f20fd5950b8;  1 drivers
v0x55bb7fee62b0_0 .net *"_ivl_618", 1 0, L_0x55bb7ff147d0;  1 drivers
v0x55bb7fee6390_0 .net/2u *"_ivl_62", 1 0, L_0x7f20fd593378;  1 drivers
v0x55bb7fee6470_0 .net *"_ivl_620", 1 0, L_0x55bb7ff14b50;  1 drivers
v0x55bb7fee6550_0 .net/2u *"_ivl_622", 1 0, L_0x7f20fd595100;  1 drivers
v0x55bb7fee6630_0 .net *"_ivl_625", 5 0, L_0x55bb7ff14c60;  1 drivers
L_0x7f20fd595148 .functor BUFT 1, C4<011011>, C4<0>, C4<0>, C4<0>;
v0x55bb7fee6710_0 .net/2u *"_ivl_626", 5 0, L_0x7f20fd595148;  1 drivers
v0x55bb7fee67f0_0 .net *"_ivl_628", 0 0, L_0x55bb7ff150c0;  1 drivers
v0x55bb7fee68b0_0 .net *"_ivl_630", 1 0, L_0x55bb7ff15200;  1 drivers
L_0x7f20fd595190 .functor BUFT 1, C4<0>, C4<0>, C4<0>, C4<0>;
v0x55bb7fee6990_0 .net *"_ivl_633", 0 0, L_0x7f20fd595190;  1 drivers
v0x55bb7fee6a70_0 .net *"_ivl_634", 1 0, L_0x55bb7ff15710;  1 drivers
v0x55bb7fee6b50_0 .net *"_ivl_636", 1 0, L_0x55bb7ff15aa0;  1 drivers
v0x55bb7fee6c30_0 .net/2u *"_ivl_638", 1 0, L_0x7f20fd5951d8;  1 drivers
v0x55bb7fee6d10_0 .net *"_ivl_641", 9 0, L_0x55bb7ff15bb0;  1 drivers
L_0x7f20fd595220 .functor BUFT 1, C4<0010100000>, C4<0>, C4<0>, C4<0>;
v0x55bb7fee6df0_0 .net/2u *"_ivl_642", 9 0, L_0x7f20fd595220;  1 drivers
v0x55bb7fee6ed0_0 .net *"_ivl_644", 0 0, L_0x55bb7ff15c50;  1 drivers
v0x55bb7fee6f90_0 .net *"_ivl_646", 1 0, L_0x55bb7ff16170;  1 drivers
L_0x7f20fd595268 .functor BUFT 1, C4<0>, C4<0>, C4<0>, C4<0>;
v0x55bb7fee7070_0 .net *"_ivl_649", 0 0, L_0x7f20fd595268;  1 drivers
v0x55bb7fee7150_0 .net *"_ivl_65", 16 0, L_0x55bb7feff500;  1 drivers
v0x55bb7fee7230_0 .net *"_ivl_650", 1 0, L_0x55bb7ff162b0;  1 drivers
v0x55bb7fee7310_0 .net *"_ivl_652", 1 0, L_0x55bb7ff16650;  1 drivers
v0x55bb7fee73f0_0 .net/2u *"_ivl_654", 1 0, L_0x7f20fd5952b0;  1 drivers
v0x55bb7fee74d0_0 .net *"_ivl_657", 9 0, L_0x55bb7ff16760;  1 drivers
L_0x7f20fd5952f8 .functor BUFT 1, C4<0010100001>, C4<0>, C4<0>, C4<0>;
v0x55bb7fee75b0_0 .net/2u *"_ivl_658", 9 0, L_0x7f20fd5952f8;  1 drivers
L_0x7f20fd5933c0 .functor BUFT 1, C4<00000000000100100>, C4<0>, C4<0>, C4<0>;
v0x55bb7fee7690_0 .net/2u *"_ivl_66", 16 0, L_0x7f20fd5933c0;  1 drivers
v0x55bb7fee7770_0 .net *"_ivl_660", 0 0, L_0x55bb7ff16bf0;  1 drivers
v0x55bb7fee7830_0 .net *"_ivl_662", 1 0, L_0x55bb7ff16d30;  1 drivers
L_0x7f20fd595340 .functor BUFT 1, C4<0>, C4<0>, C4<0>, C4<0>;
v0x55bb7fee7910_0 .net *"_ivl_665", 0 0, L_0x7f20fd595340;  1 drivers
v0x55bb7fee79f0_0 .net *"_ivl_666", 1 0, L_0x55bb7ff17270;  1 drivers
v0x55bb7fee7ad0_0 .net *"_ivl_668", 1 0, L_0x55bb7ff17620;  1 drivers
v0x55bb7fee7bb0_0 .net/2u *"_ivl_670", 1 0, L_0x7f20fd595388;  1 drivers
v0x55bb7fee7c90_0 .net *"_ivl_673", 9 0, L_0x55bb7ff17730;  1 drivers
L_0x7f20fd5953d0 .functor BUFT 1, C4<0010101000>, C4<0>, C4<0>, C4<0>;
v0x55bb7fee7d70_0 .net/2u *"_ivl_674", 9 0, L_0x7f20fd5953d0;  1 drivers
v0x55bb7fee7e50_0 .net *"_ivl_676", 0 0, L_0x55bb7ff177d0;  1 drivers
v0x55bb7fee7f10_0 .net *"_ivl_678", 1 0, L_0x55bb7ff17d20;  1 drivers
v0x55bb7fee7ff0_0 .net *"_ivl_68", 0 0, L_0x55bb7feff5a0;  1 drivers
L_0x7f20fd595418 .functor BUFT 1, C4<0>, C4<0>, C4<0>, C4<0>;
v0x55bb7fee80b0_0 .net *"_ivl_681", 0 0, L_0x7f20fd595418;  1 drivers
v0x55bb7fee8190_0 .net *"_ivl_682", 1 0, L_0x55bb7ff18670;  1 drivers
v0x55bb7fee8270_0 .net *"_ivl_684", 1 0, L_0x55bb7ff18a30;  1 drivers
v0x55bb7fee8350_0 .net/2u *"_ivl_686", 1 0, L_0x7f20fd595460;  1 drivers
v0x55bb7fee8430_0 .net *"_ivl_689", 9 0, L_0x55bb7ff18b40;  1 drivers
L_0x7f20fd5954a8 .functor BUFT 1, C4<0010101001>, C4<0>, C4<0>, C4<0>;
v0x55bb7fee8510_0 .net/2u *"_ivl_690", 9 0, L_0x7f20fd5954a8;  1 drivers
v0x55bb7fee85f0_0 .net *"_ivl_692", 0 0, L_0x55bb7ff19000;  1 drivers
v0x55bb7fee86b0_0 .net *"_ivl_694", 1 0, L_0x55bb7ff19140;  1 drivers
L_0x7f20fd5954f0 .functor BUFT 1, C4<0>, C4<0>, C4<0>, C4<0>;
v0x55bb7fee8790_0 .net *"_ivl_697", 0 0, L_0x7f20fd5954f0;  1 drivers
v0x55bb7fee8870_0 .net *"_ivl_698", 1 0, L_0x55bb7ff18c30;  1 drivers
v0x55bb7fee8950_0 .net *"_ivl_70", 1 0, L_0x55bb7feff760;  1 drivers
v0x55bb7fee8a30_0 .net *"_ivl_700", 1 0, L_0x55bb7ff19660;  1 drivers
v0x55bb7fee8b10_0 .net/2u *"_ivl_702", 1 0, L_0x7f20fd595538;  1 drivers
v0x55bb7fee8bf0_0 .net *"_ivl_705", 9 0, L_0x55bb7ff19770;  1 drivers
L_0x7f20fd595580 .functor BUFT 1, C4<0010100100>, C4<0>, C4<0>, C4<0>;
v0x55bb7fee8cd0_0 .net/2u *"_ivl_706", 9 0, L_0x7f20fd595580;  1 drivers
v0x55bb7fee8db0_0 .net *"_ivl_708", 0 0, L_0x55bb7ff19810;  1 drivers
v0x55bb7fee8e70_0 .net *"_ivl_710", 1 0, L_0x55bb7ff19230;  1 drivers
L_0x7f20fd5955c8 .functor BUFT 1, C4<0>, C4<0>, C4<0>, C4<0>;
v0x55bb7fee8f50_0 .net *"_ivl_713", 0 0, L_0x7f20fd5955c8;  1 drivers
v0x55bb7fee9030_0 .net *"_ivl_714", 1 0, L_0x55bb7ff19370;  1 drivers
v0x55bb7fee9110_0 .net *"_ivl_716", 1 0, L_0x55bb7ff19480;  1 drivers
v0x55bb7fee91f0_0 .net/2u *"_ivl_718", 1 0, L_0x7f20fd595610;  1 drivers
v0x55bb7fee92d0_0 .net *"_ivl_721", 9 0, L_0x55bb7ff19590;  1 drivers
L_0x7f20fd595658 .functor BUFT 1, C4<0010100101>, C4<0>, C4<0>, C4<0>;
v0x55bb7fee93b0_0 .net/2u *"_ivl_722", 9 0, L_0x7f20fd595658;  1 drivers
v0x55bb7fee9490_0 .net *"_ivl_724", 0 0, L_0x55bb7ff19950;  1 drivers
v0x55bb7fee9550_0 .net *"_ivl_726", 1 0, L_0x55bb7ff19a90;  1 drivers
L_0x7f20fd5956a0 .functor BUFT 1, C4<0>, C4<0>, C4<0>, C4<0>;
v0x55bb7fee9630_0 .net *"_ivl_729", 0 0, L_0x7f20fd5956a0;  1 drivers
L_0x7f20fd593408 .functor BUFT 1, C4<0>, C4<0>, C4<0>, C4<0>;
v0x55bb7fee9710_0 .net *"_ivl_73", 0 0, L_0x7f20fd593408;  1 drivers
v0x55bb7fee97f0_0 .net *"_ivl_730", 1 0, L_0x55bb7ff19bd0;  1 drivers
v0x55bb7fee98d0_0 .net *"_ivl_732", 1 0, L_0x55bb7ff19ce0;  1 drivers
v0x55bb7fee99b0_0 .net/2u *"_ivl_734", 1 0, L_0x7f20fd5956e8;  1 drivers
v0x55bb7fee9a90_0 .net *"_ivl_737", 16 0, L_0x55bb7ff1a840;  1 drivers
L_0x7f20fd595730 .functor BUFT 1, C4<00000000001010110>, C4<0>, C4<0>, C4<0>;
v0x55bb7fee9b70_0 .net/2u *"_ivl_738", 16 0, L_0x7f20fd595730;  1 drivers
v0x55bb7fee9c50_0 .net *"_ivl_74", 1 0, L_0x55bb7feff1e0;  1 drivers
v0x55bb7fee9d30_0 .net *"_ivl_740", 0 0, L_0x55bb7ff1a8e0;  1 drivers
v0x55bb7fee9df0_0 .net *"_ivl_742", 1 0, L_0x55bb7ff1a060;  1 drivers
L_0x7f20fd595778 .functor BUFT 1, C4<0>, C4<0>, C4<0>, C4<0>;
v0x55bb7fee9ed0_0 .net *"_ivl_745", 0 0, L_0x7f20fd595778;  1 drivers
v0x55bb7fee9fb0_0 .net *"_ivl_746", 1 0, L_0x55bb7ff1a1a0;  1 drivers
v0x55bb7feea090_0 .net *"_ivl_748", 1 0, L_0x55bb7ff1a2b0;  1 drivers
v0x55bb7feea170_0 .net/2u *"_ivl_750", 1 0, L_0x7f20fd5957c0;  1 drivers
v0x55bb7feea250_0 .net *"_ivl_753", 16 0, L_0x55bb7ff1a3c0;  1 drivers
L_0x7f20fd595808 .functor BUFT 1, C4<00000000001010100>, C4<0>, C4<0>, C4<0>;
v0x55bb7feea330_0 .net/2u *"_ivl_754", 16 0, L_0x7f20fd595808;  1 drivers
v0x55bb7feea410_0 .net *"_ivl_756", 0 0, L_0x55bb7ff1aa20;  1 drivers
v0x55bb7feea4d0_0 .net *"_ivl_758", 1 0, L_0x55bb7ff1ab60;  1 drivers
v0x55bb7feea5b0_0 .net *"_ivl_76", 1 0, L_0x55bb7feff990;  1 drivers
L_0x7f20fd595850 .functor BUFT 1, C4<0>, C4<0>, C4<0>, C4<0>;
v0x55bb7feea690_0 .net *"_ivl_761", 0 0, L_0x7f20fd595850;  1 drivers
v0x55bb7feea770_0 .net *"_ivl_762", 1 0, L_0x55bb7ff1aca0;  1 drivers
v0x55bb7feea850_0 .net *"_ivl_764", 1 0, L_0x55bb7ff1adb0;  1 drivers
v0x55bb7feea930_0 .net *"_ivl_777", 0 0, L_0x55bb7ff1c290;  1 drivers
v0x55bb7feea9f0_0 .net *"_ivl_778", 0 0, L_0x55bb7ff1b180;  1 drivers
v0x55bb7feeaad0_0 .net/2u *"_ivl_78", 1 0, L_0x7f20fd593450;  1 drivers
v0x55bb7feeabb0_0 .net *"_ivl_781", 0 0, L_0x55bb7ff1b570;  1 drivers
v0x55bb7feeac70_0 .net *"_ivl_8", 1 0, L_0x55bb7feee260;  1 drivers
v0x55bb7feead50_0 .net *"_ivl_81", 16 0, L_0x55bb7feffaa0;  1 drivers
L_0x7f20fd593498 .functor BUFT 1, C4<00000000000100101>, C4<0>, C4<0>, C4<0>;
v0x55bb7feeae30_0 .net/2u *"_ivl_82", 16 0, L_0x7f20fd593498;  1 drivers
v0x55bb7feeaf10_0 .net *"_ivl_84", 0 0, L_0x55bb7feffbd0;  1 drivers
v0x55bb7feeafd0_0 .net *"_ivl_86", 1 0, L_0x55bb7feffd10;  1 drivers
L_0x7f20fd5934e0 .functor BUFT 1, C4<0>, C4<0>, C4<0>, C4<0>;
v0x55bb7feeb0b0_0 .net *"_ivl_89", 0 0, L_0x7f20fd5934e0;  1 drivers
v0x55bb7feeb190_0 .net *"_ivl_90", 1 0, L_0x55bb7feffef0;  1 drivers
v0x55bb7feeb270_0 .net *"_ivl_92", 1 0, L_0x55bb7ff00060;  1 drivers
v0x55bb7feeb350_0 .net/2u *"_ivl_94", 1 0, L_0x7f20fd593528;  1 drivers
v0x55bb7feeb430_0 .net *"_ivl_97", 16 0, L_0x55bb7ff00120;  1 drivers
L_0x7f20fd593570 .functor BUFT 1, C4<00000000000101001>, C4<0>, C4<0>, C4<0>;
v0x55bb7feeb510_0 .net/2u *"_ivl_98", 16 0, L_0x7f20fd593570;  1 drivers
o0x7f20fd5e0878 .functor BUFZ 1, C4<z>; HiZ drive
v0x55bb7feeb5f0_0 .net "clk", 0 0, o0x7f20fd5e0878;  0 drivers
v0x55bb7feeb6b0_0 .var "cnt_inc_flag", 0 0;
v0x55bb7feeb770_0 .net "debug_excp_detected", 0 0, L_0x55bb7ff1c380;  1 drivers
v0x55bb7feeb830_0 .var "debug_excp_flag", 0 0;
v0x55bb7feeb8f0_0 .net "debug_excp_occur", 0 0, L_0x55bb7ff1ce80;  1 drivers
v0x55bb7feeb9b0_0 .var "debug_excp_pc", 31 0;
v0x55bb7feeba90_0 .net "debug_excp_pc_match", 0 0, L_0x55bb7ff1c930;  1 drivers
o0x7f20fd5e09c8 .functor BUFZ 32, C4<zzzzzzzzzzzzzzzzzzzzzzzzzzzzzzzz>; HiZ drive
v0x55bb7feebb50_0 .net "debug_usr_wb_pc", 31 0, o0x7f20fd5e09c8;  0 drivers
v0x55bb7feebc30_0 .var "ex_flag", 0 0;
v0x55bb7feebcf0_0 .net "ex_flag_f", 0 0, L_0x55bb7ff1bd80;  1 drivers
v0x55bb7feebdb0_0 .var "ex_inst", 31 0;
v0x55bb7feebe90_0 .var "excp_cnt", 7 0;
v0x55bb7feebf70_0 .var "excp_while_br", 0 0;
v0x55bb7feec030_0 .net "inst_implemented", 0 0, L_0x55bb7ff1b910;  1 drivers
o0x7f20fd5e0b18 .functor BUFZ 1, C4<z>; HiZ drive
v0x55bb7feec0f0_0 .net "ref_br_taken", 0 0, o0x7f20fd5e0b18;  0 drivers
o0x7f20fd5e0b48 .functor BUFZ 32, C4<zzzzzzzzzzzzzzzzzzzzzzzzzzzzzzzz>; HiZ drive
v0x55bb7feec1b0_0 .net "ref_br_target", 31 0, o0x7f20fd5e0b48;  0 drivers
v0x55bb7feec290_0 .net "ref_ex_finish", 0 0, o0x7f20fd5e0b78;  0 drivers
o0x7f20fd5e0ba8 .functor BUFZ 1, C4<z>; HiZ drive
v0x55bb7feec350_0 .net "ref_excp", 0 0, o0x7f20fd5e0ba8;  0 drivers
o0x7f20fd5e0bd8 .functor BUFZ 32, C4<zzzzzzzzzzzzzzzzzzzzzzzzzzzzzzzz>; HiZ drive
v0x55bb7feec410_0 .net "ref_excp_entry", 31 0, o0x7f20fd5e0bd8;  0 drivers
v0x55bb7feec4f0_0 .var "ref_pause", 0 0;
o0x7f20fd5e0c38 .functor BUFZ 1, C4<z>; HiZ drive
v0x55bb7feec5b0_0 .net "ref_spinst", 0 0, o0x7f20fd5e0c38;  0 drivers
o0x7f20fd5e0c68 .functor BUFZ 32, C4<zzzzzzzzzzzzzzzzzzzzzzzzzzzzzzzz>; HiZ drive
v0x55bb7feec670_0 .net "ref_spinst_pc", 31 0, o0x7f20fd5e0c68;  0 drivers
o0x7f20fd5e0c98 .functor BUFZ 32, C4<zzzzzzzzzzzzzzzzzzzzzzzzzzzzzzzz>; HiZ drive
v0x55bb7feec750_0 .net "ref_wb_inst", 31 0, o0x7f20fd5e0c98;  0 drivers
o0x7f20fd5e0cc8 .functor BUFZ 32, C4<zzzzzzzzzzzzzzzzzzzzzzzzzzzzzzzz>; HiZ drive
v0x55bb7feec830_0 .net "ref_wb_pc", 31 0, o0x7f20fd5e0cc8;  0 drivers
o0x7f20fd5e0cf8 .functor BUFZ 5, C4<zzzzz>; HiZ drive
v0x55bb7feec910_0 .net "ref_wb_rfnum", 4 0, o0x7f20fd5e0cf8;  0 drivers
o0x7f20fd5e0d28 .functor BUFZ 32, C4<zzzzzzzzzzzzzzzzzzzzzzzzzzzzzzzz>; HiZ drive
v0x55bb7feec9f0_0 .net "ref_wb_wdata", 31 0, o0x7f20fd5e0d28;  0 drivers
o0x7f20fd5e0d58 .functor BUFZ 4, C4<zzzz>; HiZ drive
v0x55bb7feecad0_0 .net "ref_wb_we", 3 0, o0x7f20fd5e0d58;  0 drivers
o0x7f20fd5e0d88 .functor BUFZ 1, C4<z>; HiZ drive
v0x55bb7feecbb0_0 .net "rstn", 0 0, o0x7f20fd5e0d88;  0 drivers
v0x55bb7feecc70_0 .var "usr_ex_cnt", 7 0;
v0x55bb7feecd50_0 .net "usr_ex_cnt_inc_f", 0 0, L_0x55bb7ff1ba00;  1 drivers
o0x7f20fd5e0e18 .functor BUFZ 1, C4<z>; HiZ drive
v0x55bb7feece10_0 .net "usr_ex_finish", 0 0, o0x7f20fd5e0e18;  0 drivers
v0x55bb7feeced0_0 .net "usr_ex_flag", 0 0, L_0x55bb7ff1bdf0;  1 drivers
v0x55bb7feecf90_0 .var "usr_ex_flag_r", 0 0;
v0x55bb7feed050_0 .net "usr_ex_inst", 31 0, L_0x55bb7ff1c220;  1 drivers
v0x55bb7feed130_0 .var "usr_pc", 31 0;
v0x55bb7feed210_0 .var "usr_pc_inc", 0 0;
v0x55bb7feed2d0_0 .var "usr_pc_inc_buf", 0 0;
v0x55bb7feed390_0 .net "usr_pc_inc_flag", 0 0, L_0x55bb7ff1c820;  1 drivers
v0x55bb7feed450_0 .var "usr_pc_we", 0 0;
v0x55bb7feed510_0 .var "usr_pc_we_buf", 0 0;
v0x55bb7feed5d0_0 .var "usr_wb_pc", 31 0;
v0x55bb7feed6b0_0 .var "usr_wb_pc_buf", 31 0;
v0x55bb7feed790_0 .var "usr_wb_wdata", 31 0;
v0x55bb7feed870_0 .var "usr_wb_wdata_buf", 31 0;
v0x55bb7feed950_0 .var "usr_wb_we", 0 0;
v0x55bb7feeda10_0 .var "usr_wb_we_buf", 0 0;
v0x55bb7feedad0_0 .var "usr_wb_wreg", 4 0;
v0x55bb7feedbb0_0 .var "usr_wb_wreg_buf", 4 0;
E_0x55bb7fe4cfb0/0 .event negedge, v0x55bb7feecbb0_0;
E_0x55bb7fe4cfb0/1 .event posedge, v0x55bb7feeb5f0_0;
E_0x55bb7fe4cfb0 .event/or E_0x55bb7fe4cfb0/0, E_0x55bb7fe4cfb0/1;
E_0x55bb7fe3db10 .event posedge, v0x55bb7feeb5f0_0;
L_0x55bb7feee0d0 .part o0x7f20fd5e0c98, 25, 7;
L_0x55bb7feee170 .cmp/eq 7, L_0x55bb7feee0d0, L_0x7f20fd593060;
L_0x55bb7feee260 .concat [ 1 1 0 0], L_0x55bb7feee170, L_0x7f20fd5930a8;
L_0x55bb7feee440 .part o0x7f20fd5e0c98, 15, 17;
L_0x55bb7fefe5c0 .cmp/eq 17, L_0x55bb7feee440, L_0x7f20fd593138;
L_0x55bb7fefe700 .concat [ 1 1 0 0], L_0x55bb7fefe5c0, L_0x7f20fd593180;
L_0x55bb7fefe9c0 .part o0x7f20fd5e0c98, 22, 10;
L_0x55bb7fefea60 .cmp/eq 10, L_0x55bb7fefe9c0, L_0x7f20fd593210;
L_0x55bb7fefebf0 .concat [ 1 1 0 0], L_0x55bb7fefea60, L_0x7f20fd593258;
L_0x55bb7fefeec0 .part o0x7f20fd5e0c98, 15, 17;
L_0x55bb7feff050 .cmp/eq 17, L_0x55bb7fefeec0, L_0x7f20fd5932e8;
L_0x55bb7feff0f0 .concat [ 1 1 0 0], L_0x55bb7feff050, L_0x7f20fd593330;
L_0x55bb7feff500 .part o0x7f20fd5e0c98, 15, 17;
L_0x55bb7feff5a0 .cmp/eq 17, L_0x55bb7feff500, L_0x7f20fd5933c0;
L_0x55bb7feff760 .concat [ 1 1 0 0], L_0x55bb7feff5a0, L_0x7f20fd593408;
L_0x55bb7feffaa0 .part o0x7f20fd5e0c98, 15, 17;
L_0x55bb7feffbd0 .cmp/eq 17, L_0x55bb7feffaa0, L_0x7f20fd593498;
L_0x55bb7feffd10 .concat [ 1 1 0 0], L_0x55bb7feffbd0, L_0x7f20fd5934e0;
L_0x55bb7ff00120 .part o0x7f20fd5e0c98, 15, 17;
L_0x55bb7ff001c0 .cmp/eq 17, L_0x55bb7ff00120, L_0x7f20fd593570;
L_0x55bb7feffe00 .concat [ 1 1 0 0], L_0x55bb7ff001c0, L_0x7f20fd5935b8;
L_0x55bb7ff006e0 .part o0x7f20fd5e0c98, 15, 17;
L_0x55bb7ff00950 .cmp/eq 17, L_0x55bb7ff006e0, L_0x7f20fd593648;
L_0x55bb7ff00a90 .concat [ 1 1 0 0], L_0x55bb7ff00950, L_0x7f20fd593690;
L_0x55bb7ff00ed0 .part o0x7f20fd5e0c98, 15, 17;
L_0x55bb7ff00f70 .cmp/eq 17, L_0x55bb7ff00ed0, L_0x7f20fd593720;
L_0x55bb7ff01190 .concat [ 1 1 0 0], L_0x55bb7ff00f70, L_0x7f20fd593768;
L_0x55bb7ff01580 .part o0x7f20fd5e0c98, 15, 17;
L_0x55bb7ff01710 .cmp/eq 17, L_0x55bb7ff01580, L_0x7f20fd5937f8;
L_0x55bb7ff01850 .concat [ 1 1 0 0], L_0x55bb7ff01710, L_0x7f20fd593840;
L_0x55bb7ff01d50 .part o0x7f20fd5e0c98, 15, 17;
L_0x55bb7ff01df0 .cmp/eq 17, L_0x55bb7ff01d50, L_0x7f20fd5938d0;
L_0x55bb7ff02040 .concat [ 1 1 0 0], L_0x55bb7ff01df0, L_0x7f20fd593918;
L_0x55bb7ff01ba0 .part o0x7f20fd5e0c98, 15, 17;
L_0x55bb7ff02570 .cmp/eq 17, L_0x55bb7ff01ba0, L_0x7f20fd5939a8;
L_0x55bb7ff026b0 .concat [ 1 1 0 0], L_0x55bb7ff02570, L_0x7f20fd5939f0;
L_0x55bb7ff02af0 .part o0x7f20fd5e0c98, 15, 17;
L_0x55bb7ff02b90 .cmp/eq 17, L_0x55bb7ff02af0, L_0x7f20fd593a80;
L_0x55bb7ff02e10 .concat [ 1 1 0 0], L_0x55bb7ff02b90, L_0x7f20fd593ac8;
L_0x55bb7ff03240 .part o0x7f20fd5e0c98, 22, 10;
L_0x55bb7ff03430 .cmp/eq 10, L_0x55bb7ff03240, L_0x7f20fd593b58;
L_0x55bb7ff03570 .concat [ 1 1 0 0], L_0x55bb7ff03430, L_0x7f20fd593ba0;
L_0x55bb7ff03b10 .part o0x7f20fd5e0c98, 22, 10;
L_0x55bb7ff03bb0 .cmp/eq 10, L_0x55bb7ff03b10, L_0x7f20fd593c30;
L_0x55bb7ff03e60 .concat [ 1 1 0 0], L_0x55bb7ff03bb0, L_0x7f20fd593c78;
L_0x55bb7ff042b0 .part o0x7f20fd5e0c98, 26, 6;
L_0x55bb7ff046e0 .cmp/eq 6, L_0x55bb7ff042b0, L_0x7f20fd593d08;
L_0x55bb7ff04820 .concat [ 1 1 0 0], L_0x55bb7ff046e0, L_0x7f20fd593d50;
L_0x55bb7ff04e10 .part o0x7f20fd5e0c98, 26, 6;
L_0x55bb7ff04eb0 .cmp/eq 6, L_0x55bb7ff04e10, L_0x7f20fd593de0;
L_0x55bb7ff05190 .concat [ 1 1 0 0], L_0x55bb7ff04eb0, L_0x7f20fd593e28;
L_0x55bb7ff05600 .part o0x7f20fd5e0c98, 26, 6;
L_0x55bb7ff05850 .cmp/eq 6, L_0x55bb7ff05600, L_0x7f20fd593eb8;
L_0x55bb7ff05990 .concat [ 1 1 0 0], L_0x55bb7ff05850, L_0x7f20fd593f00;
L_0x55bb7ff05fd0 .part o0x7f20fd5e0c98, 26, 6;
L_0x55bb7ff06070 .cmp/eq 6, L_0x55bb7ff05fd0, L_0x7f20fd593f90;
L_0x55bb7ff06380 .concat [ 1 1 0 0], L_0x55bb7ff06070, L_0x7f20fd593fd8;
L_0x55bb7ff06700 .part o0x7f20fd5e0c98, 26, 6;
L_0x55bb7ff06980 .cmp/eq 6, L_0x55bb7ff06700, L_0x7f20fd594068;
L_0x55bb7ff06ac0 .concat [ 1 1 0 0], L_0x55bb7ff06980, L_0x7f20fd5940b0;
L_0x55bb7ff07150 .part o0x7f20fd5e0c98, 25, 7;
L_0x55bb7ff071f0 .cmp/eq 7, L_0x55bb7ff07150, L_0x7f20fd594140;
L_0x55bb7ff07530 .concat [ 1 1 0 0], L_0x55bb7ff071f0, L_0x7f20fd594188;
L_0x55bb7ff079e0 .part o0x7f20fd5e0c98, 22, 10;
L_0x55bb7ff07c90 .cmp/eq 10, L_0x55bb7ff079e0, L_0x7f20fd594218;
L_0x55bb7ff07dd0 .concat [ 1 1 0 0], L_0x55bb7ff07c90, L_0x7f20fd594260;
L_0x55bb7ff084b0 .part o0x7f20fd5e0c98, 22, 10;
L_0x55bb7ff08550 .cmp/eq 10, L_0x55bb7ff084b0, L_0x7f20fd5942f0;
L_0x55bb7ff088c0 .concat [ 1 1 0 0], L_0x55bb7ff08550, L_0x7f20fd594338;
L_0x55bb7ff08d90 .part o0x7f20fd5e0c98, 22, 10;
L_0x55bb7ff09070 .cmp/eq 10, L_0x55bb7ff08d90, L_0x7f20fd5943c8;
L_0x55bb7ff091b0 .concat [ 1 1 0 0], L_0x55bb7ff09070, L_0x7f20fd594410;
L_0x55bb7ff098e0 .part o0x7f20fd5e0c98, 22, 10;
L_0x55bb7ff09980 .cmp/eq 10, L_0x55bb7ff098e0, L_0x7f20fd5944a0;
L_0x55bb7ff09d20 .concat [ 1 1 0 0], L_0x55bb7ff09980, L_0x7f20fd5944e8;
L_0x55bb7ff0a210 .part o0x7f20fd5e0c98, 22, 10;
L_0x55bb7ff0a520 .cmp/eq 10, L_0x55bb7ff0a210, L_0x7f20fd594578;
L_0x55bb7ff0a660 .concat [ 1 1 0 0], L_0x55bb7ff0a520, L_0x7f20fd5945c0;
L_0x55bb7ff0ade0 .part o0x7f20fd5e0c98, 15, 17;
L_0x55bb7ff0ae80 .cmp/eq 17, L_0x55bb7ff0ade0, L_0x7f20fd594650;
L_0x55bb7ff0b250 .concat [ 1 1 0 0], L_0x55bb7ff0ae80, L_0x7f20fd594698;
L_0x55bb7ff0b760 .part o0x7f20fd5e0c98, 15, 17;
L_0x55bb7ff0baa0 .cmp/eq 17, L_0x55bb7ff0b760, L_0x7f20fd594728;
L_0x55bb7ff0bbe0 .concat [ 1 1 0 0], L_0x55bb7ff0baa0, L_0x7f20fd594770;
L_0x55bb7ff0c3b0 .part o0x7f20fd5e0c98, 15, 17;
L_0x55bb7ff0c450 .cmp/eq 17, L_0x55bb7ff0c3b0, L_0x7f20fd594800;
L_0x55bb7ff0c850 .concat [ 1 1 0 0], L_0x55bb7ff0c450, L_0x7f20fd594848;
L_0x55bb7ff0cd80 .part o0x7f20fd5e0c98, 15, 17;
L_0x55bb7ff0d0f0 .cmp/eq 17, L_0x55bb7ff0cd80, L_0x7f20fd5948d8;
L_0x55bb7ff0d230 .concat [ 1 1 0 0], L_0x55bb7ff0d0f0, L_0x7f20fd594920;
L_0x55bb7ff0da50 .part o0x7f20fd5e0c98, 15, 17;
L_0x55bb7ff0daf0 .cmp/eq 17, L_0x55bb7ff0da50, L_0x7f20fd5949b0;
L_0x55bb7ff0df20 .concat [ 1 1 0 0], L_0x55bb7ff0daf0, L_0x7f20fd5949f8;
L_0x55bb7ff0e470 .part o0x7f20fd5e0c98, 15, 17;
L_0x55bb7ff0ec20 .cmp/eq 17, L_0x55bb7ff0e470, L_0x7f20fd594a88;
L_0x55bb7ff0ed60 .concat [ 1 1 0 0], L_0x55bb7ff0ec20, L_0x7f20fd594ad0;
L_0x55bb7ff0f5d0 .part o0x7f20fd5e0c98, 15, 17;
L_0x55bb7ff0f670 .cmp/eq 17, L_0x55bb7ff0f5d0, L_0x7f20fd594b60;
L_0x55bb7ff0fad0 .concat [ 1 1 0 0], L_0x55bb7ff0f670, L_0x7f20fd594ba8;
L_0x55bb7ff10040 .part o0x7f20fd5e0c98, 15, 17;
L_0x55bb7ff10410 .cmp/eq 17, L_0x55bb7ff10040, L_0x7f20fd594c38;
L_0x55bb7ff10550 .concat [ 1 1 0 0], L_0x55bb7ff10410, L_0x7f20fd594c80;
L_0x55bb7ff10e10 .part o0x7f20fd5e0c98, 15, 17;
L_0x55bb7ff10eb0 .cmp/eq 17, L_0x55bb7ff10e10, L_0x7f20fd594d10;
L_0x55bb7ff11340 .concat [ 1 1 0 0], L_0x55bb7ff10eb0, L_0x7f20fd594d58;
L_0x55bb7ff118d0 .part o0x7f20fd5e0c98, 15, 17;
L_0x55bb7ff11cd0 .cmp/eq 17, L_0x55bb7ff118d0, L_0x7f20fd594de8;
L_0x55bb7ff11e10 .concat [ 1 1 0 0], L_0x55bb7ff11cd0, L_0x7f20fd594e30;
L_0x55bb7ff12720 .part o0x7f20fd5e0c98, 26, 6;
L_0x55bb7ff127c0 .cmp/eq 6, L_0x55bb7ff12720, L_0x7f20fd594ec0;
L_0x55bb7ff12c80 .concat [ 1 1 0 0], L_0x55bb7ff127c0, L_0x7f20fd594f08;
L_0x55bb7ff13230 .part o0x7f20fd5e0c98, 26, 6;
L_0x55bb7ff13660 .cmp/eq 6, L_0x55bb7ff13230, L_0x7f20fd594f98;
L_0x55bb7ff137a0 .concat [ 1 1 0 0], L_0x55bb7ff13660, L_0x7f20fd594fe0;
L_0x55bb7ff14100 .part o0x7f20fd5e0c98, 26, 6;
L_0x55bb7ff141a0 .cmp/eq 6, L_0x55bb7ff14100, L_0x7f20fd595070;
L_0x55bb7ff14690 .concat [ 1 1 0 0], L_0x55bb7ff141a0, L_0x7f20fd5950b8;
L_0x55bb7ff14c60 .part o0x7f20fd5e0c98, 26, 6;
L_0x55bb7ff150c0 .cmp/eq 6, L_0x55bb7ff14c60, L_0x7f20fd595148;
L_0x55bb7ff15200 .concat [ 1 1 0 0], L_0x55bb7ff150c0, L_0x7f20fd595190;
L_0x55bb7ff15bb0 .part o0x7f20fd5e0c98, 22, 10;
L_0x55bb7ff15c50 .cmp/eq 10, L_0x55bb7ff15bb0, L_0x7f20fd595220;
L_0x55bb7ff16170 .concat [ 1 1 0 0], L_0x55bb7ff15c50, L_0x7f20fd595268;
L_0x55bb7ff16760 .part o0x7f20fd5e0c98, 22, 10;
L_0x55bb7ff16bf0 .cmp/eq 10, L_0x55bb7ff16760, L_0x7f20fd5952f8;
L_0x55bb7ff16d30 .concat [ 1 1 0 0], L_0x55bb7ff16bf0, L_0x7f20fd595340;
L_0x55bb7ff17730 .part o0x7f20fd5e0c98, 22, 10;
L_0x55bb7ff177d0 .cmp/eq 10, L_0x55bb7ff17730, L_0x7f20fd5953d0;
L_0x55bb7ff17d20 .concat [ 1 1 0 0], L_0x55bb7ff177d0, L_0x7f20fd595418;
L_0x55bb7ff18b40 .part o0x7f20fd5e0c98, 22, 10;
L_0x55bb7ff19000 .cmp/eq 10, L_0x55bb7ff18b40, L_0x7f20fd5954a8;
L_0x55bb7ff19140 .concat [ 1 1 0 0], L_0x55bb7ff19000, L_0x7f20fd5954f0;
L_0x55bb7ff19770 .part o0x7f20fd5e0c98, 22, 10;
L_0x55bb7ff19810 .cmp/eq 10, L_0x55bb7ff19770, L_0x7f20fd595580;
L_0x55bb7ff19230 .concat [ 1 1 0 0], L_0x55bb7ff19810, L_0x7f20fd5955c8;
L_0x55bb7ff19590 .part o0x7f20fd5e0c98, 22, 10;
L_0x55bb7ff19950 .cmp/eq 10, L_0x55bb7ff19590, L_0x7f20fd595658;
L_0x55bb7ff19a90 .concat [ 1 1 0 0], L_0x55bb7ff19950, L_0x7f20fd5956a0;
L_0x55bb7ff1a840 .part o0x7f20fd5e0c98, 15, 17;
L_0x55bb7ff1a8e0 .cmp/eq 17, L_0x55bb7ff1a840, L_0x7f20fd595730;
L_0x55bb7ff1a060 .concat [ 1 1 0 0], L_0x55bb7ff1a8e0, L_0x7f20fd595778;
L_0x55bb7ff1a3c0 .part o0x7f20fd5e0c98, 15, 17;
L_0x55bb7ff1aa20 .cmp/eq 17, L_0x55bb7ff1a3c0, L_0x7f20fd595808;
L_0x55bb7ff1ab60 .concat [ 1 1 0 0], L_0x55bb7ff1aa20, L_0x7f20fd595850;
L_0x55bb7ff1b910 .part L_0x55bb7ff1adb0, 0, 1;
L_0x55bb7ff1c290 .reduce/nor L_0x55bb7ff1b910;
L_0x55bb7ff1b570 .reduce/nor o0x7f20fd5e0b18;
L_0x55bb7ff1c930 .cmp/eq 32, o0x7f20fd5e09c8, v0x55bb7feeb9b0_0;
    .scope S_0x55bb7fe00220;
T_0 ;
    %wait E_0x55bb7fe4cfb0;
    %load/vec4 v0x55bb7feecbb0_0;
    %nor/r;
    %flag_set/vec4 8;
    %jmp/0xz  T_0.0, 8;
    %pushi/vec4 0, 0, 8;
    %assign/vec4 v0x55bb7feecc70_0, 0;
    %pushi/vec4 0, 0, 1;
    %assign/vec4 v0x55bb7feec4f0_0, 0;
    %jmp T_0.1;
T_0.0 ;
    %load/vec4 v0x55bb7feecd50_0;
    %load/vec4 v0x55bb7feece10_0;
    %xor;
    %flag_set/vec4 8;
    %jmp/0xz  T_0.2, 8;
    %load/vec4 v0x55bb7feecd50_0;
    %flag_set/vec4 8;
    %jmp/0xz  T_0.4, 8;
    %load/vec4 v0x55bb7feecc70_0;
    %addi 1, 0, 8;
    %assign/vec4 v0x55bb7feecc70_0, 0;
T_0.4 ;
    %load/vec4 v0x55bb7feece10_0;
    %flag_set/vec4 8;
    %jmp/0xz  T_0.6, 8;
    %load/vec4 v0x55bb7feecc70_0;
    %subi 1, 0, 8;
    %assign/vec4 v0x55bb7feecc70_0, 0;
T_0.6 ;
T_0.2 ;
    %load/vec4 v0x55bb7feece10_0;
    %load/vec4 v0x55bb7feecc70_0;
    %pushi/vec4 1, 0, 8;
    %cmp/e;
    %flag_get/vec4 4;
    %and;
    %flag_set/vec4 8;
    %jmp/0xz  T_0.8, 8;
    %pushi/vec4 0, 0, 1;
    %assign/vec4 v0x55bb7feec4f0_0, 0;
    %jmp T_0.9;
T_0.8 ;
    %load/vec4 v0x55bb7feec290_0;
    %load/vec4 v0x55bb7feec030_0;
    %and;
    %flag_set/vec4 8;
    %jmp/0xz  T_0.10, 8;
    %pushi/vec4 1, 0, 1;
    %assign/vec4 v0x55bb7feec4f0_0, 0;
T_0.10 ;
T_0.9 ;
T_0.1 ;
    %jmp T_0;
    .thread T_0;
    .scope S_0x55bb7fe00220;
T_1 ;
    %wait E_0x55bb7fe3db10;
    %load/vec4 v0x55bb7feebc30_0;
    %assign/vec4 v0x55bb7feecf90_0, 0;
    %jmp T_1;
    .thread T_1;
    .scope S_0x55bb7fe00220;
T_2 ;
    %wait E_0x55bb7fe4cfb0;
    %load/vec4 v0x55bb7feecbb0_0;
    %nor/r;
    %flag_set/vec4 8;
    %jmp/0xz  T_2.0, 8;
    %pushi/vec4 0, 0, 1;
    %assign/vec4 v0x55bb7feebc30_0, 0;
    %pushi/vec4 0, 0, 1;
    %assign/vec4 v0x55bb7feed950_0, 0;
    %pushi/vec4 0, 0, 1;
    %assign/vec4 v0x55bb7feeda10_0, 0;
    %jmp T_2.1;
T_2.0 ;
    %load/vec4 v0x55bb7feebc30_0;
    %flag_set/vec4 8;
    %jmp/0xz  T_2.2, 8;
    %pushi/vec4 0, 0, 1;
    %assign/vec4 v0x55bb7feebc30_0, 0;
T_2.2 ;
    %load/vec4 v0x55bb7feed950_0;
    %flag_set/vec4 8;
    %jmp/0xz  T_2.4, 8;
    %pushi/vec4 0, 0, 1;
    %assign/vec4 v0x55bb7feed950_0, 0;
T_2.4 ;
    %load/vec4 v0x55bb7feec290_0;
    %load/vec4 v0x55bb7feec030_0;
    %and;
    %flag_set/vec4 8;
    %jmp/0xz  T_2.6, 8;
    %pushi/vec4 1, 0, 1;
    %assign/vec4 v0x55bb7feebc30_0, 0;
    %load/vec4 v0x55bb7feec750_0;
    %assign/vec4 v0x55bb7feebdb0_0, 0;
T_2.6 ;
    %load/vec4 v0x55bb7feec4f0_0;
    %load/vec4 v0x55bb7feec290_0;
    %load/vec4 v0x55bb7feec030_0;
    %nor/r;
    %and;
    %and;
    %flag_set/vec4 8;
    %jmp/0xz  T_2.8, 8;
    %load/vec4 v0x55bb7feecad0_0;
    %or/r;
    %assign/vec4 v0x55bb7feeda10_0, 0;
    %load/vec4 v0x55bb7feec830_0;
    %assign/vec4 v0x55bb7feed6b0_0, 0;
    %load/vec4 v0x55bb7feec910_0;
    %assign/vec4 v0x55bb7feedbb0_0, 0;
    %load/vec4 v0x55bb7feec9f0_0;
    %assign/vec4 v0x55bb7feed870_0, 0;
T_2.8 ;
    %load/vec4 v0x55bb7feec4f0_0;
    %nor/r;
    %load/vec4 v0x55bb7feec290_0;
    %load/vec4 v0x55bb7feec030_0;
    %nor/r;
    %and;
    %load/vec4 v0x55bb7feeda10_0;
    %or;
    %and;
    %flag_set/vec4 8;
    %jmp/0xz  T_2.10, 8;
    %load/vec4 v0x55bb7feeda10_0;
    %flag_set/vec4 8;
    %jmp/0 T_2.12, 8;
    %load/vec4 v0x55bb7feeda10_0;
    %jmp/1 T_2.13, 8;
T_2.12 ; End of true expr.
    %load/vec4 v0x55bb7feecad0_0;
    %or/r;
    %jmp/0 T_2.13, 8;
 ; End of false expr.
    %blend;
T_2.13;
    %assign/vec4 v0x55bb7feed950_0, 0;
    %load/vec4 v0x55bb7feeda10_0;
    %flag_set/vec4 8;
    %jmp/0 T_2.14, 8;
    %load/vec4 v0x55bb7feed6b0_0;
    %jmp/1 T_2.15, 8;
T_2.14 ; End of true expr.
    %load/vec4 v0x55bb7feec830_0;
    %jmp/0 T_2.15, 8;
 ; End of false expr.
    %blend;
T_2.15;
    %assign/vec4 v0x55bb7feed5d0_0, 0;
    %load/vec4 v0x55bb7feeda10_0;
    %flag_set/vec4 8;
    %jmp/0 T_2.16, 8;
    %load/vec4 v0x55bb7feedbb0_0;
    %jmp/1 T_2.17, 8;
T_2.16 ; End of true expr.
    %load/vec4 v0x55bb7feec910_0;
    %jmp/0 T_2.17, 8;
 ; End of false expr.
    %blend;
T_2.17;
    %assign/vec4 v0x55bb7feedad0_0, 0;
    %load/vec4 v0x55bb7feeda10_0;
    %flag_set/vec4 8;
    %jmp/0 T_2.18, 8;
    %load/vec4 v0x55bb7feed870_0;
    %jmp/1 T_2.19, 8;
T_2.18 ; End of true expr.
    %load/vec4 v0x55bb7feec9f0_0;
    %jmp/0 T_2.19, 8;
 ; End of false expr.
    %blend;
T_2.19;
    %assign/vec4 v0x55bb7feed790_0, 0;
    %pushi/vec4 0, 0, 1;
    %assign/vec4 v0x55bb7feeda10_0, 0;
T_2.10 ;
T_2.1 ;
    %jmp T_2;
    .thread T_2;
    .scope S_0x55bb7fe00220;
T_3 ;
    %wait E_0x55bb7fe4cfb0;
    %load/vec4 v0x55bb7feecbb0_0;
    %nor/r;
    %flag_set/vec4 8;
    %jmp/0xz  T_3.0, 8;
    %pushi/vec4 0, 0, 1;
    %assign/vec4 v0x55bb7feed210_0, 0;
    %pushi/vec4 0, 0, 1;
    %assign/vec4 v0x55bb7feed2d0_0, 0;
    %jmp T_3.1;
T_3.0 ;
    %load/vec4 v0x55bb7feed210_0;
    %flag_set/vec4 8;
    %jmp/0xz  T_3.2, 8;
    %pushi/vec4 0, 0, 1;
    %assign/vec4 v0x55bb7feed210_0, 0;
T_3.2 ;
    %load/vec4 v0x55bb7feec4f0_0;
    %load/vec4 v0x55bb7feed390_0;
    %and;
    %flag_set/vec4 8;
    %jmp/0xz  T_3.4, 8;
    %pushi/vec4 1, 0, 1;
    %assign/vec4 v0x55bb7feed2d0_0, 0;
T_3.4 ;
    %load/vec4 v0x55bb7feec4f0_0;
    %nor/r;
    %load/vec4 v0x55bb7feed390_0;
    %load/vec4 v0x55bb7feed2d0_0;
    %or;
    %and;
    %flag_set/vec4 8;
    %jmp/0xz  T_3.6, 8;
    %pushi/vec4 1, 0, 1;
    %assign/vec4 v0x55bb7feed210_0, 0;
    %pushi/vec4 0, 0, 1;
    %assign/vec4 v0x55bb7feed2d0_0, 0;
T_3.6 ;
T_3.1 ;
    %jmp T_3;
    .thread T_3;
    .scope S_0x55bb7fe00220;
T_4 ;
    %wait E_0x55bb7fe4cfb0;
    %load/vec4 v0x55bb7feecbb0_0;
    %nor/r;
    %flag_set/vec4 8;
    %jmp/0xz  T_4.0, 8;
    %pushi/vec4 0, 0, 1;
    %assign/vec4 v0x55bb7feed450_0, 0;
    %pushi/vec4 0, 0, 1;
    %assign/vec4 v0x55bb7feed510_0, 0;
    %pushi/vec4 0, 0, 1;
    %assign/vec4 v0x55bb7feebf70_0, 0;
    %jmp T_4.1;
T_4.0 ;
    %load/vec4 v0x55bb7feec290_0;
    %load/vec4 v0x55bb7feed450_0;
    %and;
    %load/vec4 v0x55bb7feec350_0;
    %nor/r;
    %load/vec4 v0x55bb7feec5b0_0;
    %nor/r;
    %and;
    %load/vec4 v0x55bb7feec0f0_0;
    %nor/r;
    %and;
    %or;
    %flag_set/vec4 8;
    %jmp/0xz  T_4.2, 8;
    %pushi/vec4 0, 0, 1;
    %assign/vec4 v0x55bb7feed450_0, 0;
T_4.2 ;
    %load/vec4 v0x55bb7feec290_0;
    %load/vec4 v0x55bb7feebf70_0;
    %and;
    %flag_set/vec4 8;
    %jmp/0xz  T_4.4, 8;
    %pushi/vec4 0, 0, 1;
    %assign/vec4 v0x55bb7feebf70_0, 0;
T_4.4 ;
    %load/vec4 v0x55bb7feece10_0;
    %load/vec4 v0x55bb7feed510_0;
    %and;
    %flag_set/vec4 8;
    %jmp/0xz  T_4.6, 8;
    %pushi/vec4 1, 0, 1;
    %assign/vec4 v0x55bb7feed450_0, 0;
    %pushi/vec4 0, 0, 1;
    %assign/vec4 v0x55bb7feed510_0, 0;
T_4.6 ;
    %load/vec4 v0x55bb7feec290_0;
    %load/vec4 v0x55bb7feec350_0;
    %and;
    %flag_set/vec4 8;
    %jmp/0xz  T_4.8, 8;
    %load/vec4 v0x55bb7feec030_0;
    %flag_set/vec4 8;
    %jmp/0xz  T_4.10, 8;
    %pushi/vec4 1, 0, 1;
    %assign/vec4 v0x55bb7feed510_0, 0;
    %jmp T_4.11;
T_4.10 ;
    %pushi/vec4 1, 0, 1;
    %assign/vec4 v0x55bb7feed450_0, 0;
T_4.11 ;
    %load/vec4 v0x55bb7feec410_0;
    %assign/vec4 v0x55bb7feed130_0, 0;
T_4.8 ;
    %load/vec4 v0x55bb7feec030_0;
    %nor/r;
    %flag_set/vec4 8;
    %jmp/0xz  T_4.12, 8;
    %load/vec4 v0x55bb7feec5b0_0;
    %flag_set/vec4 8;
    %jmp/0xz  T_4.14, 8;
    %pushi/vec4 1, 0, 1;
    %assign/vec4 v0x55bb7feed450_0, 0;
    %load/vec4 v0x55bb7feec670_0;
    %assign/vec4 v0x55bb7feed130_0, 0;
    %jmp T_4.15;
T_4.14 ;
    %load/vec4 v0x55bb7feec0f0_0;
    %flag_set/vec4 8;
    %jmp/0xz  T_4.16, 8;
    %load/vec4 v0x55bb7feebc30_0;
    %nor/r;
    %load/vec4 v0x55bb7feecc70_0;
    %pad/u 32;
    %pushi/vec4 0, 0, 32;
    %cmp/e;
    %flag_get/vec4 4;
    %and;
    %flag_set/vec4 8;
    %jmp/0 T_4.18, 8;
    %pushi/vec4 1, 0, 1;
    %jmp/1 T_4.19, 8;
T_4.18 ; End of true expr.
    %pushi/vec4 0, 0, 1;
    %jmp/0 T_4.19, 8;
 ; End of false expr.
    %blend;
T_4.19;
    %assign/vec4 v0x55bb7feed450_0, 0;
    %load/vec4 v0x55bb7feec350_0;
    %load/vec4 v0x55bb7feebf70_0;
    %or;
    %flag_set/vec4 8;
    %jmp/0 T_4.20, 8;
    %load/vec4 v0x55bb7feec410_0;
    %jmp/1 T_4.21, 8;
T_4.20 ; End of true expr.
    %load/vec4 v0x55bb7feec1b0_0;
    %jmp/0 T_4.21, 8;
 ; End of false expr.
    %blend;
T_4.21;
    %assign/vec4 v0x55bb7feed130_0, 0;
    %load/vec4 v0x55bb7feec350_0;
    %flag_set/vec4 8;
    %jmp/0xz  T_4.22, 8;
    %pushi/vec4 1, 0, 1;
    %assign/vec4 v0x55bb7feebf70_0, 0;
T_4.22 ;
T_4.16 ;
T_4.15 ;
T_4.12 ;
T_4.1 ;
    %jmp T_4;
    .thread T_4;
    .scope S_0x55bb7fe00220;
T_5 ;
    %wait E_0x55bb7fe4cfb0;
    %load/vec4 v0x55bb7feecbb0_0;
    %nor/r;
    %flag_set/vec4 8;
    %jmp/0xz  T_5.0, 8;
    %pushi/vec4 0, 0, 1;
    %assign/vec4 v0x55bb7feeb830_0, 0;
    %pushi/vec4 0, 0, 32;
    %assign/vec4 v0x55bb7feeb9b0_0, 0;
    %pushi/vec4 0, 0, 1;
    %assign/vec4 v0x55bb7feeb6b0_0, 0;
    %pushi/vec4 127, 0, 8;
    %assign/vec4 v0x55bb7feebe90_0, 0;
    %jmp T_5.1;
T_5.0 ;
    %load/vec4 v0x55bb7feece10_0;
    %load/vec4 v0x55bb7feeba90_0;
    %and;
    %flag_set/vec4 8;
    %jmp/0xz  T_5.2, 8;
    %pushi/vec4 0, 0, 1;
    %assign/vec4 v0x55bb7feeb830_0, 0;
    %load/vec4 v0x55bb7feeb9b0_0;
    %assign/vec4 v0x55bb7feeb9b0_0, 0;
    %jmp T_5.3;
T_5.2 ;
    %load/vec4 v0x55bb7feec030_0;
    %load/vec4 v0x55bb7feec290_0;
    %and;
    %load/vec4 v0x55bb7feec350_0;
    %and;
    %flag_set/vec4 8;
    %jmp/0xz  T_5.4, 8;
    %pushi/vec4 1, 0, 1;
    %assign/vec4 v0x55bb7feeb830_0, 0;
    %load/vec4 v0x55bb7feec830_0;
    %assign/vec4 v0x55bb7feeb9b0_0, 0;
T_5.4 ;
T_5.3 ;
    %load/vec4 v0x55bb7feeb770_0;
    %flag_set/vec4 8;
    %jmp/0xz  T_5.6, 8;
    %pushi/vec4 1, 0, 1;
    %assign/vec4 v0x55bb7feeb6b0_0, 0;
    %pushi/vec4 0, 0, 8;
    %assign/vec4 v0x55bb7feebe90_0, 0;
T_5.6 ;
    %load/vec4 v0x55bb7feeb6b0_0;
    %flag_set/vec4 8;
    %jmp/0xz  T_5.8, 8;
    %load/vec4 v0x55bb7feebe90_0;
    %pad/u 9;
    %cmpi/u 3, 0, 9;
    %flag_inv 5; GE is !LT
    %jmp/0xz  T_5.10, 5;
    %pushi/vec4 0, 0, 1;
    %assign/vec4 v0x55bb7feeb6b0_0, 0;
    %pushi/vec4 127, 0, 8;
    %assign/vec4 v0x55bb7feebe90_0, 0;
    %jmp T_5.11;
T_5.10 ;
    %load/vec4 v0x55bb7feebe90_0;
    %addi 1, 0, 8;
    %assign/vec4 v0x55bb7feebe90_0, 0;
T_5.11 ;
T_5.8 ;
T_5.1 ;
    %jmp T_5;
    .thread T_5;
# The file index is used to find the file name in the following table.
:file_names 3;
    "N/A";
    "<interactive>";
    "/home/symmfz/user/project/nscscc-la32r-v2024.03/func_test/soc_verify/soc_axi/rtl/incDev_ctrl.v";
