#! /usr/bin/vvp
:ivl_version "12.0 (stable)";
:ivl_delay_selection "TYPICAL";
:vpi_time_precision - 12;
:vpi_module "/usr/lib64/ivl/system.vpi";
:vpi_module "/usr/lib64/ivl/vhdl_sys.vpi";
:vpi_module "/usr/lib64/ivl/vhdl_textio.vpi";
:vpi_module "/usr/lib64/ivl/v2005_math.vpi";
:vpi_module "/usr/lib64/ivl/va_math.vpi";
S_0x55cfd5c82330 .scope module, "EXT" "EXT" 2 5;
 .timescale -9 -12;
    .port_info 0 /INPUT 26 "din";
    .port_info 1 /INPUT 3 "ext_op";
    .port_info 2 /OUTPUT 32 "ext";
o0x7fc08ae71018 .functor BUFZ 26, C4<zzzzzzzzzzzzzzzzzzzzzzzzzz>; HiZ drive
v0x55cfd5c83f60_0 .net "din", 25 0, o0x7fc08ae71018;  0 drivers
v0x55cfd5ccaaf0_0 .var "ext", 31 0;
o0x7fc08ae71078 .functor BUFZ 3, C4<zzz>; HiZ drive
v0x55cfd5ccabd0_0 .net "ext_op", 2 0, o0x7fc08ae71078;  0 drivers
E_0x55cfd5c82ac0 .event anyedge, v0x55cfd5ccabd0_0, v0x55cfd5c83f60_0;
    .scope S_0x55cfd5c82330;
T_0 ;
    %wait E_0x55cfd5c82ac0;
    %load/vec4 v0x55cfd5ccabd0_0;
    %dup/vec4;
    %pushi/vec4 6, 0, 3;
    %cmp/u;
    %jmp/1 T_0.0, 6;
    %dup/vec4;
    %pushi/vec4 7, 0, 3;
    %cmp/u;
    %jmp/1 T_0.1, 6;
    %pushi/vec4 0, 0, 6;
    %load/vec4 v0x55cfd5c83f60_0;
    %concat/vec4; draw_concat_vec4
    %store/vec4 v0x55cfd5ccaaf0_0, 0, 32;
    %jmp T_0.3;
T_0.0 ;
    %load/vec4 v0x55cfd5c83f60_0;
    %parti/s 20, 5, 4;
    %concati/vec4 0, 0, 12;
    %store/vec4 v0x55cfd5ccaaf0_0, 0, 32;
    %jmp T_0.3;
T_0.1 ;
    %load/vec4 v0x55cfd5c83f60_0;
    %parti/s 1, 21, 6;
    %replicate 20;
    %load/vec4 v0x55cfd5c83f60_0;
    %parti/s 12, 10, 5;
    %concat/vec4; draw_concat_vec4
    %store/vec4 v0x55cfd5ccaaf0_0, 0, 32;
    %jmp T_0.3;
T_0.3 ;
    %pop/vec4 1;
    %jmp T_0;
    .thread T_0, $push;
# The file index is used to find the file name in the following table.
:file_names 3;
    "N/A";
    "<interactive>";
    "/home/symmfz/user/project/nscscc-la32r-v2024.03/func_test/soc_verify/soc_axi/rtl/mycpu/EXT.v";
